Handling lib "ota-http-server"...
Handling lib "aws"...
Handling lib "http-server"...
Handling lib "ca-bundle"...
Handling lib "spi"...
Handling lib "rpc-service-fs"...
Handling lib "rpc-mqtt"...
Handling lib "rpc-service-gpio"...
Handling lib "rpc-service-ota"...
Handling lib "dns-sd"...
Handling lib "mjs"...
Handling lib "atca"...
Handling lib "rpc-loopback"...
Handling lib "vfs-dev-spi-flash"...
Handling lib "wifi"...
Handling lib "rpc-service-atca"...
Handling lib "rpc-service-config"...
Handling lib "core"...
Handling lib "dht"...
Handling lib "rpc-uart"...
mjs: Checking out 2.15.0...
ota-http-server: Checking out 2.15.0...
aws: Checking out 2.15.0...
http-server: Checking out 2.15.0...
ca-bundle: Checking out 2.15.0...
rpc-service-ota: Checking out 2.15.0...
dht: Checking out 2.15.0...
rpc-mqtt: Checking out 2.15.0...
rpc-service-gpio: Checking out 2.15.0...
atca: Checking out 2.15.0...
rpc-service-fs: Checking out 2.15.0...
dns-sd: Checking out 2.15.0...
rpc-loopback: Checking out 2.15.0...
spi: Checking out 2.15.0...
vfs-dev-spi-flash: Checking out 2.15.0...
rpc-service-config: Checking out 2.15.0...
wifi: Checking out 2.15.0...
core: Checking out 2.15.0...
rpc-service-atca: Checking out 2.15.0...
rpc-uart: Checking out 2.15.0...
ota-http-server: Done, hash 6a4130f33dcde4940c079aef9c734d869df62f3b
aws: Done, hash f30c05f56fb1b53f2c3d41fe1d0c1d05472bdd8c
atca: Done, hash f27a1b85d87e373f8c10aadd7227af020d997aef
rpc-service-config: Done, hash b30e187977d8dafcb4297cff60e036855a7ff531
vfs-dev-spi-flash: Done, hash 38cf753b346a2f601012ab3614fcf5d42ce418b3
rpc-service-ota: Done, hash 59faf121cbae8fb260557af7064c4a0216cbd0d0
rpc-loopback: Done, hash dec04b4ec1205e3fbf017a2cd3a5a3d8eceacd04
wifi: Done, hash 328e3d98c1c81163ecbda6cab18e53f1430b4f4e
rpc-service-atca: Done, hash d971678a491187c9d0338a1a55cb7af7af0be0c7
ca-bundle: Done, hash 82e0f7f0ea4b584f092146c18c6e28c015238243
core: Done, hash 90f56f1e361c7d25ef8c2e3b9a83ef0369760f2e
rpc-mqtt: Done, hash bf134e13dd6b41d680b1de92918145f2fe2ace23
spi: Done, hash 695570ae539cf829893b463758ab7e0b862a8865
rpc-service-gpio: Done, hash 97711ba3c3f994f68ad5990e1f3a662877c957b7
mjs: Done, hash a65e6d7c84aa0b22795ca403296db1772371313a
http-server: Done, hash c13d9801ef3914f7954cc2e3424a78b89cea7f25
dns-sd: Done, hash e8470cc512707ebac9224c411c6b5433b0cad839
rpc-service-fs: Done, hash 5f252c2fa5ba989c09f734a4c407bcfef3699e38
dht: Done, hash 3392941cb081cc7051287303b64c837dabe52e21
rpc-service-config: Hash unchanged at b30e187977d8dafcb4297cff60e036855a7ff531 (dir "/data/fwbuild-volumes/2.15.0/apps/c_mqtt/esp8266/build_contexts/build_ctx_118577139/deps/rpc-service-config")
rpc-service-config: Prepared local dir: "/data/fwbuild-volumes/2.15.0/apps/c_mqtt/esp8266/build_contexts/build_ctx_118577139/deps/rpc-service-config"
rpc-loopback: Hash unchanged at dec04b4ec1205e3fbf017a2cd3a5a3d8eceacd04 (dir "/data/fwbuild-volumes/2.15.0/apps/c_mqtt/esp8266/build_contexts/build_ctx_118577139/deps/rpc-loopback")
rpc-loopback: Prepared local dir: "/data/fwbuild-volumes/2.15.0/apps/c_mqtt/esp8266/build_contexts/build_ctx_118577139/deps/rpc-loopback"
ca-bundle: Hash unchanged at 82e0f7f0ea4b584f092146c18c6e28c015238243 (dir "/data/fwbuild-volumes/2.15.0/apps/c_mqtt/esp8266/build_contexts/build_ctx_118577139/deps/ca-bundle")
ca-bundle: Prepared local dir: "/data/fwbuild-volumes/2.15.0/apps/c_mqtt/esp8266/build_contexts/build_ctx_118577139/deps/ca-bundle"
core: Hash unchanged at 90f56f1e361c7d25ef8c2e3b9a83ef0369760f2e (dir "/data/fwbuild-volumes/2.15.0/apps/c_mqtt/esp8266/build_contexts/build_ctx_118577139/deps/core")
core: Prepared local dir: "/data/fwbuild-volumes/2.15.0/apps/c_mqtt/esp8266/build_contexts/build_ctx_118577139/deps/core"
ota-http-server: Hash unchanged at 6a4130f33dcde4940c079aef9c734d869df62f3b (dir "/data/fwbuild-volumes/2.15.0/apps/c_mqtt/esp8266/build_contexts/build_ctx_118577139/deps/ota-http-server")
ota-http-server: Prepared local dir: "/data/fwbuild-volumes/2.15.0/apps/c_mqtt/esp8266/build_contexts/build_ctx_118577139/deps/ota-http-server"
atca: Hash unchanged at f27a1b85d87e373f8c10aadd7227af020d997aef (dir "/data/fwbuild-volumes/2.15.0/apps/c_mqtt/esp8266/build_contexts/build_ctx_118577139/deps/atca")
rpc-service-ota: Hash unchanged at 59faf121cbae8fb260557af7064c4a0216cbd0d0 (dir "/data/fwbuild-volumes/2.15.0/apps/c_mqtt/esp8266/build_contexts/build_ctx_118577139/deps/rpc-service-ota")
atca: Prepared local dir: "/data/fwbuild-volumes/2.15.0/apps/c_mqtt/esp8266/build_contexts/build_ctx_118577139/deps/atca"
rpc-service-ota: Prepared local dir: "/data/fwbuild-volumes/2.15.0/apps/c_mqtt/esp8266/build_contexts/build_ctx_118577139/deps/rpc-service-ota"
aws: Hash unchanged at f30c05f56fb1b53f2c3d41fe1d0c1d05472bdd8c (dir "/data/fwbuild-volumes/2.15.0/apps/c_mqtt/esp8266/build_contexts/build_ctx_118577139/deps/aws")
aws: Prepared local dir: "/data/fwbuild-volumes/2.15.0/apps/c_mqtt/esp8266/build_contexts/build_ctx_118577139/deps/aws"
wifi: Hash unchanged at 328e3d98c1c81163ecbda6cab18e53f1430b4f4e (dir "/data/fwbuild-volumes/2.15.0/apps/c_mqtt/esp8266/build_contexts/build_ctx_118577139/deps/wifi")
wifi: Prepared local dir: "/data/fwbuild-volumes/2.15.0/apps/c_mqtt/esp8266/build_contexts/build_ctx_118577139/deps/wifi"
vfs-dev-spi-flash: Hash unchanged at 38cf753b346a2f601012ab3614fcf5d42ce418b3 (dir "/data/fwbuild-volumes/2.15.0/apps/c_mqtt/esp8266/build_contexts/build_ctx_118577139/deps/vfs-dev-spi-flash")
vfs-dev-spi-flash: Prepared local dir: "/data/fwbuild-volumes/2.15.0/apps/c_mqtt/esp8266/build_contexts/build_ctx_118577139/deps/vfs-dev-spi-flash"
rpc-mqtt: Hash unchanged at bf134e13dd6b41d680b1de92918145f2fe2ace23 (dir "/data/fwbuild-volumes/2.15.0/apps/c_mqtt/esp8266/build_contexts/build_ctx_118577139/deps/rpc-mqtt")
rpc-mqtt: Prepared local dir: "/data/fwbuild-volumes/2.15.0/apps/c_mqtt/esp8266/build_contexts/build_ctx_118577139/deps/rpc-mqtt"
rpc-service-atca: Hash unchanged at d971678a491187c9d0338a1a55cb7af7af0be0c7 (dir "/data/fwbuild-volumes/2.15.0/apps/c_mqtt/esp8266/build_contexts/build_ctx_118577139/deps/rpc-service-atca")
rpc-service-atca: Prepared local dir: "/data/fwbuild-volumes/2.15.0/apps/c_mqtt/esp8266/build_contexts/build_ctx_118577139/deps/rpc-service-atca"
rpc-service-gpio: Hash unchanged at 97711ba3c3f994f68ad5990e1f3a662877c957b7 (dir "/data/fwbuild-volumes/2.15.0/apps/c_mqtt/esp8266/build_contexts/build_ctx_118577139/deps/rpc-service-gpio")
rpc-service-gpio: Prepared local dir: "/data/fwbuild-volumes/2.15.0/apps/c_mqtt/esp8266/build_contexts/build_ctx_118577139/deps/rpc-service-gpio"
mjs: Hash unchanged at a65e6d7c84aa0b22795ca403296db1772371313a (dir "/data/fwbuild-volumes/2.15.0/apps/c_mqtt/esp8266/build_contexts/build_ctx_118577139/deps/mjs")
mjs: Prepared local dir: "/data/fwbuild-volumes/2.15.0/apps/c_mqtt/esp8266/build_contexts/build_ctx_118577139/deps/mjs"
http-server: Hash unchanged at c13d9801ef3914f7954cc2e3424a78b89cea7f25 (dir "/data/fwbuild-volumes/2.15.0/apps/c_mqtt/esp8266/build_contexts/build_ctx_118577139/deps/http-server")
http-server: Prepared local dir: "/data/fwbuild-volumes/2.15.0/apps/c_mqtt/esp8266/build_contexts/build_ctx_118577139/deps/http-server"
spi: Hash unchanged at 695570ae539cf829893b463758ab7e0b862a8865 (dir "/data/fwbuild-volumes/2.15.0/apps/c_mqtt/esp8266/build_contexts/build_ctx_118577139/deps/spi")
spi: Prepared local dir: "/data/fwbuild-volumes/2.15.0/apps/c_mqtt/esp8266/build_contexts/build_ctx_118577139/deps/spi"
dns-sd: Hash unchanged at e8470cc512707ebac9224c411c6b5433b0cad839 (dir "/data/fwbuild-volumes/2.15.0/apps/c_mqtt/esp8266/build_contexts/build_ctx_118577139/deps/dns-sd")
dns-sd: Prepared local dir: "/data/fwbuild-volumes/2.15.0/apps/c_mqtt/esp8266/build_contexts/build_ctx_118577139/deps/dns-sd"
rpc-service-fs: Hash unchanged at 5f252c2fa5ba989c09f734a4c407bcfef3699e38 (dir "/data/fwbuild-volumes/2.15.0/apps/c_mqtt/esp8266/build_contexts/build_ctx_118577139/deps/rpc-service-fs")
rpc-service-fs: Prepared local dir: "/data/fwbuild-volumes/2.15.0/apps/c_mqtt/esp8266/build_contexts/build_ctx_118577139/deps/rpc-service-fs"
dht: Hash unchanged at 3392941cb081cc7051287303b64c837dabe52e21 (dir "/data/fwbuild-volumes/2.15.0/apps/c_mqtt/esp8266/build_contexts/build_ctx_118577139/deps/dht")
dht: Prepared local dir: "/data/fwbuild-volumes/2.15.0/apps/c_mqtt/esp8266/build_contexts/build_ctx_118577139/deps/dht"
rpc-uart: Done, hash 4c68e5d7b3eecb19ccc6128f111a118384ed20b4
rpc-uart: Hash unchanged at 4c68e5d7b3eecb19ccc6128f111a118384ed20b4 (dir "/data/fwbuild-volumes/2.15.0/apps/c_mqtt/esp8266/build_contexts/build_ctx_118577139/deps/rpc-uart")
rpc-uart: Prepared local dir: "/data/fwbuild-volumes/2.15.0/apps/c_mqtt/esp8266/build_contexts/build_ctx_118577139/deps/rpc-uart"
Handling lib "rpc-common"...
rpc-common: Checking out 2.15.0...
rpc-common: Done, hash 4591983b26e3a2d49e7f439856a8c95b788b3a8c
rpc-common: Hash unchanged at 4591983b26e3a2d49e7f439856a8c95b788b3a8c (dir "/data/fwbuild-volumes/2.15.0/apps/c_mqtt/esp8266/build_contexts/build_ctx_118577139/deps/rpc-common")
rpc-common: Prepared local dir: "/data/fwbuild-volumes/2.15.0/apps/c_mqtt/esp8266/build_contexts/build_ctx_118577139/deps/rpc-common"
Handling lib "mongoose"...
mongoose: Checking out 2.15.0...
mongoose: Done, hash b9adb81060805d1de1b185549efb33ce920a210b
mongoose: Hash unchanged at b9adb81060805d1de1b185549efb33ce920a210b (dir "/data/fwbuild-volumes/2.15.0/apps/c_mqtt/esp8266/build_contexts/build_ctx_118577139/deps/mongoose")
mongoose: Prepared local dir: "/data/fwbuild-volumes/2.15.0/apps/c_mqtt/esp8266/build_contexts/build_ctx_118577139/deps/mongoose"
Handling lib "ota-http-client"...
ota-http-client: Checking out 2.15.0...
ota-http-client: Done, hash e2f9fcfcae9e6efb24e6de6b42af6dd483dd675b
ota-http-client: Hash unchanged at e2f9fcfcae9e6efb24e6de6b42af6dd483dd675b (dir "/data/fwbuild-volumes/2.15.0/apps/c_mqtt/esp8266/build_contexts/build_ctx_118577139/deps/ota-http-client")
ota-http-client: Prepared local dir: "/data/fwbuild-volumes/2.15.0/apps/c_mqtt/esp8266/build_contexts/build_ctx_118577139/deps/ota-http-client"
Handling lib "i2c"...
i2c: Checking out 2.15.0...
i2c: Done, hash a2135aa5d5ff423f949d9e08c481eb0dc0091f2a
i2c: Hash unchanged at a2135aa5d5ff423f949d9e08c481eb0dc0091f2a (dir "/data/fwbuild-volumes/2.15.0/apps/c_mqtt/esp8266/build_contexts/build_ctx_118577139/deps/i2c")
i2c: Prepared local dir: "/data/fwbuild-volumes/2.15.0/apps/c_mqtt/esp8266/build_contexts/build_ctx_118577139/deps/i2c"
Handling lib "ota-common"...
ota-common: Checking out 2.15.0...
ota-common: Done, hash e83cf54aee6b05799f0c64ef4c002b3c418be9d8
ota-common: Hash unchanged at e83cf54aee6b05799f0c64ef4c002b3c418be9d8 (dir "/data/fwbuild-volumes/2.15.0/apps/c_mqtt/esp8266/build_contexts/build_ctx_118577139/deps/ota-common")
ota-common: Prepared local dir: "/data/fwbuild-volumes/2.15.0/apps/c_mqtt/esp8266/build_contexts/build_ctx_118577139/deps/ota-common"
Handling lib "vfs-common"...
vfs-common: Checking out 2.15.0...
vfs-common: Done, hash ae048a19d8f17f332d66fb42d1b072e8fde2b3fa
vfs-common: Hash unchanged at ae048a19d8f17f332d66fb42d1b072e8fde2b3fa (dir "/data/fwbuild-volumes/2.15.0/apps/c_mqtt/esp8266/build_contexts/build_ctx_118577139/deps/vfs-common")
vfs-common: Prepared local dir: "/data/fwbuild-volumes/2.15.0/apps/c_mqtt/esp8266/build_contexts/build_ctx_118577139/deps/vfs-common"
Handling lib "mqtt"...
Handling lib "shadow"...
mqtt: Checking out 2.15.0...
shadow: Checking out 2.15.0...
mqtt: Done, hash e28a8700aaf50587e93612661010478a7d7ef920
shadow: Done, hash 3c21f7bfd2f5e2cbaa8e3f4621ff3f964e669b64
mqtt: Hash unchanged at e28a8700aaf50587e93612661010478a7d7ef920 (dir "/data/fwbuild-volumes/2.15.0/apps/c_mqtt/esp8266/build_contexts/build_ctx_118577139/deps/mqtt")
mqtt: Prepared local dir: "/data/fwbuild-volumes/2.15.0/apps/c_mqtt/esp8266/build_contexts/build_ctx_118577139/deps/mqtt"
shadow: Hash unchanged at 3c21f7bfd2f5e2cbaa8e3f4621ff3f964e669b64 (dir "/data/fwbuild-volumes/2.15.0/apps/c_mqtt/esp8266/build_contexts/build_ctx_118577139/deps/shadow")
shadow: Prepared local dir: "/data/fwbuild-volumes/2.15.0/apps/c_mqtt/esp8266/build_contexts/build_ctx_118577139/deps/shadow"
Handling lib "mbedtls"...
mbedtls: Checking out 2.15.0...
mbedtls: Done, hash a98f87ef6ef18777c95afb71b2884615d8971be6
mbedtls: Hash unchanged at a98f87ef6ef18777c95afb71b2884615d8971be6 (dir "/data/fwbuild-volumes/2.15.0/apps/c_mqtt/esp8266/build_contexts/build_ctx_118577139/deps/mbedtls")
mbedtls: Prepared local dir: "/data/fwbuild-volumes/2.15.0/apps/c_mqtt/esp8266/build_contexts/build_ctx_118577139/deps/mbedtls"
Handling lib "vfs-dev-part"...
Handling lib "vfs-fs-spiffs"...
vfs-dev-part: Checking out 2.15.0...
vfs-fs-spiffs: Checking out 2.15.0...
vfs-dev-part: Done, hash 94426df449f807e4268e1d1a3ee5146da85902da
vfs-fs-spiffs: Done, hash 6fef5f74fc5f8e07b6324759066c0e9d06653693
vfs-dev-part: Hash unchanged at 94426df449f807e4268e1d1a3ee5146da85902da (dir "/data/fwbuild-volumes/2.15.0/apps/c_mqtt/esp8266/build_contexts/build_ctx_118577139/deps/vfs-dev-part")
vfs-dev-part: Prepared local dir: "/data/fwbuild-volumes/2.15.0/apps/c_mqtt/esp8266/build_contexts/build_ctx_118577139/deps/vfs-dev-part"
vfs-fs-spiffs: Hash unchanged at 6fef5f74fc5f8e07b6324759066c0e9d06653693 (dir "/data/fwbuild-volumes/2.15.0/apps/c_mqtt/esp8266/build_contexts/build_ctx_118577139/deps/vfs-fs-spiffs")
vfs-fs-spiffs: Prepared local dir: "/data/fwbuild-volumes/2.15.0/apps/c_mqtt/esp8266/build_contexts/build_ctx_118577139/deps/vfs-fs-spiffs"
The flag --module is not given for the module "mjs_module", going to use the repository
mjs_module: Checking out 2.15.0...
mjs_module: Done, hash 6334bd6b46fe1cf84ca3bedc763107b549f174d0
The flag --repo is not given, going to use mongoose-os repository
mongoose-os: Checking out 2.15.0...
mongoose-os: Done, hash 787ac38aae90231b9db9c71cf19dfc617ca58166
Prebuilt binary for "mbedtls" already exists at "/data/fwbuild-volumes/2.15.0/apps/c_mqtt/esp8266/build_contexts/build_ctx_118577139/build/objs/libmbedtls-esp8266-2.15.0.a"
Prebuilt binary for "mongoose" already exists at "/data/fwbuild-volumes/2.15.0/apps/c_mqtt/esp8266/build_contexts/build_ctx_118577139/build/objs/libmongoose-esp8266-2.15.0.a"
Prebuilt binary for "ota-common" already exists at "/data/fwbuild-volumes/2.15.0/apps/c_mqtt/esp8266/build_contexts/build_ctx_118577139/build/objs/libota-common-esp8266-2.15.0.a"
Prebuilt binary for "ota-http-client" already exists at "/data/fwbuild-volumes/2.15.0/apps/c_mqtt/esp8266/build_contexts/build_ctx_118577139/build/objs/libota-http-client-esp8266-2.15.0.a"
Prebuilt binary for "ota-http-server" already exists at "/data/fwbuild-volumes/2.15.0/apps/c_mqtt/esp8266/build_contexts/build_ctx_118577139/build/objs/libota-http-server-esp8266-2.15.0.a"
Prebuilt binary for "rpc-service-ota" already exists at "/data/fwbuild-volumes/2.15.0/apps/c_mqtt/esp8266/build_contexts/build_ctx_118577139/build/objs/librpc-service-ota-esp8266-2.15.0.a"
Sources: [/data/fwbuild-volumes/2.15.0/apps/c_mqtt/esp8266/build_contexts/build_ctx_118577139/src/a_dht.c /data/fwbuild-volumes/2.15.0/apps/c_mqtt/esp8266/build_contexts/build_ctx_118577139/src/a_mqtt.c /data/fwbuild-volumes/2.15.0/apps/c_mqtt/esp8266/build_contexts/build_ctx_118577139/src/main.c /data/fwbuild-volumes/2.15.0/apps/c_mqtt/esp8266/build_contexts/build_ctx_118577139/build/gen/mgos_deps_init.c /data/fwbuild-volumes/2.15.0/apps/c_mqtt/esp8266/build_contexts/build_ctx_118577139/deps/i2c/src/mgos_i2c_master.c /data/fwbuild-volumes/2.15.0/apps/c_mqtt/esp8266/build_contexts/build_ctx_118577139/deps/i2c/src/gpio/mgos_i2c_gpio_master.c /data/fwbuild-volumes/2.15.0/apps/c_mqtt/esp8266/build_contexts/build_ctx_118577139/deps/atca/src/mgos_atca.c /data/fwbuild-volumes/2.15.0/apps/c_mqtt/esp8266/build_contexts/build_ctx_118577139/deps/atca/cryptoauthlib/lib/atca_cfgs.c /data/fwbuild-volumes/2.15.0/apps/c_mqtt/esp8266/build_contexts/build_ctx_118577139/deps/atca/cryptoauthlib/lib/atca_command.c /data/fwbuild-volumes/2.15.0/apps/c_mqtt/esp8266/build_contexts/build_ctx_118577139/deps/atca/cryptoauthlib/lib/atca_device.c /data/fwbuild-volumes/2.15.0/apps/c_mqtt/esp8266/build_contexts/build_ctx_118577139/deps/atca/cryptoauthlib/lib/atca_iface.c /data/fwbuild-volumes/2.15.0/apps/c_mqtt/esp8266/build_contexts/build_ctx_118577139/deps/atca/cryptoauthlib/lib/basic/atca_basic.c /data/fwbuild-volumes/2.15.0/apps/c_mqtt/esp8266/build_contexts/build_ctx_118577139/deps/atca/cryptoauthlib/lib/basic/atca_helpers.c /data/fwbuild-volumes/2.15.0/apps/c_mqtt/esp8266/build_contexts/build_ctx_118577139/deps/atca/cryptoauthlib/lib/host/atca_host.c /data/fwbuild-volumes/2.15.0/apps/c_mqtt/esp8266/build_contexts/build_ctx_118577139/deps/vfs-common/src/mgos_vfs.c /data/fwbuild-volumes/2.15.0/apps/c_mqtt/esp8266/build_contexts/build_ctx_118577139/deps/vfs-common/src/mgos_vfs_dev.c /data/fwbuild-volumes/2.15.0/apps/c_mqtt/esp8266/build_contexts/build_ctx_118577139/deps/vfs-common/src/mgos_vfs_internal.c /data/fwbuild-volumes/2.15.0/apps/c_mqtt/esp8266/build_contexts/build_ctx_118577139/deps/vfs-common/src/esp8266/esp_flash_writer.c /data/fwbuild-volumes/2.15.0/apps/c_mqtt/esp8266/build_contexts/build_ctx_118577139/deps/vfs-common/src/esp8266/esp_fs.c /data/fwbuild-volumes/2.15.0/apps/c_mqtt/esp8266/build_contexts/build_ctx_118577139/deps/vfs-common/src/esp8266/esp_vfs_dev_sysflash.c /data/fwbuild-volumes/2.15.0/apps/c_mqtt/esp8266/build_contexts/build_ctx_118577139/deps/vfs-dev-part/src/mgos_vfs_dev_part.c /data/fwbuild-volumes/2.15.0/apps/c_mqtt/esp8266/build_contexts/build_ctx_118577139/deps/vfs-fs-spiffs/src/mgos_vfs_fs_spiffs.c /data/fwbuild-volumes/2.15.0/apps/c_mqtt/esp8266/build_contexts/build_ctx_118577139/deps/vfs-fs-spiffs/src/spiffs/spiffs_cache.c /data/fwbuild-volumes/2.15.0/apps/c_mqtt/esp8266/build_contexts/build_ctx_118577139/deps/vfs-fs-spiffs/src/spiffs/spiffs_check.c /data/fwbuild-volumes/2.15.0/apps/c_mqtt/esp8266/build_contexts/build_ctx_118577139/deps/vfs-fs-spiffs/src/spiffs/spiffs_gc.c /data/fwbuild-volumes/2.15.0/apps/c_mqtt/esp8266/build_contexts/build_ctx_118577139/deps/vfs-fs-spiffs/src/spiffs/spiffs_hydrogen.c /data/fwbuild-volumes/2.15.0/apps/c_mqtt/esp8266/build_contexts/build_ctx_118577139/deps/vfs-fs-spiffs/src/spiffs/spiffs_nucleus.c /data/fwbuild-volumes/2.15.0/apps/c_mqtt/esp8266/build_contexts/build_ctx_118577139/deps/core/src/mgos_core.c /data/fwbuild-volumes/2.15.0/apps/c_mqtt/esp8266/build_contexts/build_ctx_118577139/deps/core/src/esp8266/esp_rboot.c /data/fwbuild-volumes/2.15.0/apps/c_mqtt/esp8266/build_contexts/build_ctx_118577139/deps/mqtt/src/mgos_mqtt.c /data/fwbuild-volumes/2.15.0/apps/c_mqtt/esp8266/build_contexts/build_ctx_118577139/deps/shadow/src/mgos_shadow.c /data/fwbuild-volumes/2.15.0/apps/c_mqtt/esp8266/build_contexts/build_ctx_118577139/deps/aws/src/mgos_aws.c /data/fwbuild-volumes/2.15.0/apps/c_mqtt/esp8266/build_contexts/build_ctx_118577139/deps/aws/src/mgos_aws_greengrass.c /data/fwbuild-volumes/2.15.0/apps/c_mqtt/esp8266/build_contexts/build_ctx_118577139/deps/aws/src/mgos_aws_shadow.c /data/fwbuild-volumes/2.15.0/apps/c_mqtt/esp8266/build_contexts/build_ctx_118577139/deps/dht/src/mgos_dht.c /data/fwbuild-volumes/2.15.0/apps/c_mqtt/esp8266/build_contexts/build_ctx_118577139/deps/http-server/src/mgos_http_server.c /data/fwbuild-volumes/2.15.0/apps/c_mqtt/esp8266/build_contexts/build_ctx_118577139/deps/dns-sd/src/mgos_dns_sd.c /data/fwbuild-volumes/2.15.0/apps/c_mqtt/esp8266/build_contexts/build_ctx_118577139/deps/dns-sd/src/mgos_mdns.c /data/fwbuild-volumes/2.15.0/apps/c_mqtt/esp8266/build_contexts/build_ctx_118577139/deps/dns-sd/src/lwip/lwip_mdns.c /data/fwbuild-volumes/2.15.0/apps/c_mqtt/esp8266/build_contexts/build_ctx_118577139/deps/mjs/src/mos_mjs.c /data/fwbuild-volumes/2.15.0/apps/c_mqtt/esp8266/build_contexts/build_ctx_118577139/deps/modules/mjs/mjs.c /data/fwbuild-volumes/2.15.0/apps/c_mqtt/esp8266/build_contexts/build_ctx_118577139/deps/mjs/esp8266/src/esp8266_mjs.c /data/fwbuild-volumes/2.15.0/apps/c_mqtt/esp8266/build_contexts/build_ctx_118577139/deps/rpc-common/src/mg_rpc.c /data/fwbuild-volumes/2.15.0/apps/c_mqtt/esp8266/build_contexts/build_ctx_118577139/deps/rpc-common/src/mg_rpc_channel.c /data/fwbuild-volumes/2.15.0/apps/c_mqtt/esp8266/build_contexts/build_ctx_118577139/deps/rpc-common/src/mg_rpc_channel_http.c /data/fwbuild-volumes/2.15.0/apps/c_mqtt/esp8266/build_contexts/build_ctx_118577139/deps/rpc-common/src/mgos_rpc.c /data/fwbuild-volumes/2.15.0/apps/c_mqtt/esp8266/build_contexts/build_ctx_118577139/deps/rpc-loopback/src/mg_rpc_channel_loopback.c /data/fwbuild-volumes/2.15.0/apps/c_mqtt/esp8266/build_contexts/build_ctx_118577139/deps/rpc-mqtt/src/mgos_rpc_channel_mqtt.c /data/fwbuild-volumes/2.15.0/apps/c_mqtt/esp8266/build_contexts/build_ctx_118577139/deps/rpc-service-atca/src/mgos_atca_service.c /data/fwbuild-volumes/2.15.0/apps/c_mqtt/esp8266/build_contexts/build_ctx_118577139/deps/rpc-service-config/src/mgos_service_config.c /data/fwbuild-volumes/2.15.0/apps/c_mqtt/esp8266/build_contexts/build_ctx_118577139/deps/rpc-service-fs/src/mgos_service_filesystem.c /data/fwbuild-volumes/2.15.0/apps/c_mqtt/esp8266/build_contexts/build_ctx_118577139/deps/rpc-service-gpio/src/mgos_gpio_service.c /data/fwbuild-volumes/2.15.0/apps/c_mqtt/esp8266/build_contexts/build_ctx_118577139/deps/rpc-uart/src/mgos_rpc_channel_uart.c /data/fwbuild-volumes/2.15.0/apps/c_mqtt/esp8266/build_contexts/build_ctx_118577139/deps/spi/src/mgos_spi.c /data/fwbuild-volumes/2.15.0/apps/c_mqtt/esp8266/build_contexts/build_ctx_118577139/deps/spi/src/mgos_spi_mjs.c /data/fwbuild-volumes/2.15.0/apps/c_mqtt/esp8266/build_contexts/build_ctx_118577139/deps/spi/src/common_gpio/mgos_spi_gpio.c /data/fwbuild-volumes/2.15.0/apps/c_mqtt/esp8266/build_contexts/build_ctx_118577139/deps/vfs-dev-spi-flash/src/mgos_vfs_dev_spi_flash.c /data/fwbuild-volumes/2.15.0/apps/c_mqtt/esp8266/build_contexts/build_ctx_118577139/deps/wifi/src/mgos_wifi.c /data/fwbuild-volumes/2.15.0/apps/c_mqtt/esp8266/build_contexts/build_ctx_118577139/deps/wifi/src/mjs_wifi.c /data/fwbuild-volumes/2.15.0/apps/c_mqtt/esp8266/build_contexts/build_ctx_118577139/deps/wifi/src/esp8266/esp_wifi.c]
Include dirs: [/data/fwbuild-volumes/2.15.0/apps/c_mqtt/esp8266/build_contexts/build_ctx_118577139/deps/i2c/include /data/fwbuild-volumes/2.15.0/apps/c_mqtt/esp8266/build_contexts/build_ctx_118577139/deps/atca/include /data/fwbuild-volumes/2.15.0/apps/c_mqtt/esp8266/build_contexts/build_ctx_118577139/deps/atca/cryptoauthlib/lib /data/fwbuild-volumes/2.15.0/apps/c_mqtt/esp8266/build_contexts/build_ctx_118577139/deps/mbedtls/include /data/fwbuild-volumes/2.15.0/apps/c_mqtt/esp8266/build_contexts/build_ctx_118577139/deps/mbedtls/include/esp8266 /data/fwbuild-volumes/2.15.0/apps/c_mqtt/esp8266/build_contexts/build_ctx_118577139/deps/mbedtls/mbedtls/include /data/fwbuild-volumes/2.15.0/apps/c_mqtt/esp8266/build_contexts/build_ctx_118577139/deps/vfs-common/include /data/fwbuild-volumes/2.15.0/apps/c_mqtt/esp8266/build_contexts/build_ctx_118577139/deps/vfs-common/include/esp8266 /data/fwbuild-volumes/2.15.0/apps/c_mqtt/esp8266/build_contexts/build_ctx_118577139/deps/mongoose/include /data/fwbuild-volumes/2.15.0/apps/c_mqtt/esp8266/build_contexts/build_ctx_118577139/deps/vfs-dev-part/include /data/fwbuild-volumes/2.15.0/apps/c_mqtt/esp8266/build_contexts/build_ctx_118577139/deps/vfs-fs-spiffs/include /data/fwbuild-volumes/2.15.0/apps/c_mqtt/esp8266/build_contexts/build_ctx_118577139/deps/vfs-fs-spiffs/include/spiffs /data/fwbuild-volumes/2.15.0/apps/c_mqtt/esp8266/build_contexts/build_ctx_118577139/deps/vfs-fs-spiffs/include/esp8266 /data/fwbuild-volumes/2.15.0/apps/c_mqtt/esp8266/build_contexts/build_ctx_118577139/deps/core/include /data/fwbuild-volumes/2.15.0/apps/c_mqtt/esp8266/build_contexts/build_ctx_118577139/deps/core/include/esp8266 /data/fwbuild-volumes/2.15.0/apps/c_mqtt/esp8266/build_contexts/build_ctx_118577139/deps/mqtt/include /data/fwbuild-volumes/2.15.0/apps/c_mqtt/esp8266/build_contexts/build_ctx_118577139/deps/shadow/include /data/fwbuild-volumes/2.15.0/apps/c_mqtt/esp8266/build_contexts/build_ctx_118577139/deps/aws/include /data/fwbuild-volumes/2.15.0/apps/c_mqtt/esp8266/build_contexts/build_ctx_118577139/deps/dht/include /data/fwbuild-volumes/2.15.0/apps/c_mqtt/esp8266/build_contexts/build_ctx_118577139/deps/http-server/include /data/fwbuild-volumes/2.15.0/apps/c_mqtt/esp8266/build_contexts/build_ctx_118577139/deps/dns-sd/include /data/fwbuild-volumes/2.15.0/apps/c_mqtt/esp8266/build_contexts/build_ctx_118577139/deps/mjs/include /data/fwbuild-volumes/2.15.0/apps/c_mqtt/esp8266/build_contexts/build_ctx_118577139/deps/ota-common/src /data/fwbuild-volumes/2.15.0/apps/c_mqtt/esp8266/build_contexts/build_ctx_118577139/deps/ota-common/include /data/fwbuild-volumes/2.15.0/apps/c_mqtt/esp8266/build_contexts/build_ctx_118577139/deps/ota-common/include/esp8266 /data/fwbuild-volumes/2.15.0/apps/c_mqtt/esp8266/build_contexts/build_ctx_118577139/deps/ota-http-client/include /data/fwbuild-volumes/2.15.0/apps/c_mqtt/esp8266/build_contexts/build_ctx_118577139/deps/rpc-common/include /data/fwbuild-volumes/2.15.0/apps/c_mqtt/esp8266/build_contexts/build_ctx_118577139/deps/rpc-loopback/include /data/fwbuild-volumes/2.15.0/apps/c_mqtt/esp8266/build_contexts/build_ctx_118577139/deps/rpc-mqtt/include /data/fwbuild-volumes/2.15.0/apps/c_mqtt/esp8266/build_contexts/build_ctx_118577139/deps/rpc-service-config/include /data/fwbuild-volumes/2.15.0/apps/c_mqtt/esp8266/build_contexts/build_ctx_118577139/deps/rpc-service-fs/include /data/fwbuild-volumes/2.15.0/apps/c_mqtt/esp8266/build_contexts/build_ctx_118577139/deps/rpc-service-gpio/include /data/fwbuild-volumes/2.15.0/apps/c_mqtt/esp8266/build_contexts/build_ctx_118577139/deps/rpc-service-ota/include /data/fwbuild-volumes/2.15.0/apps/c_mqtt/esp8266/build_contexts/build_ctx_118577139/deps/rpc-uart/include /data/fwbuild-volumes/2.15.0/apps/c_mqtt/esp8266/build_contexts/build_ctx_118577139/deps/spi/include /data/fwbuild-volumes/2.15.0/apps/c_mqtt/esp8266/build_contexts/build_ctx_118577139/deps/vfs-dev-spi-flash/include /data/fwbuild-volumes/2.15.0/apps/c_mqtt/esp8266/build_contexts/build_ctx_118577139/deps/wifi/include /data/fwbuild-volumes/2.15.0/apps/c_mqtt/esp8266/build_contexts/build_ctx_118577139/deps/wifi/include/esp8266]
Binary libs: [/data/fwbuild-volumes/2.15.0/apps/c_mqtt/esp8266/build_contexts/build_ctx_118577139/build/objs/libmbedtls-esp8266-2.15.0.a /data/fwbuild-volumes/2.15.0/apps/c_mqtt/esp8266/build_contexts/build_ctx_118577139/build/objs/libmongoose-esp8266-2.15.0.a /data/fwbuild-volumes/2.15.0/apps/c_mqtt/esp8266/build_contexts/build_ctx_118577139/build/objs/libota-common-esp8266-2.15.0.a /data/fwbuild-volumes/2.15.0/apps/c_mqtt/esp8266/build_contexts/build_ctx_118577139/build/objs/libota-http-client-esp8266-2.15.0.a /data/fwbuild-volumes/2.15.0/apps/c_mqtt/esp8266/build_contexts/build_ctx_118577139/build/objs/libota-http-server-esp8266-2.15.0.a /data/fwbuild-volumes/2.15.0/apps/c_mqtt/esp8266/build_contexts/build_ctx_118577139/build/objs/librpc-service-ota-esp8266-2.15.0.a]
Building...
mount from "/data/fwbuild-volumes/2.15.0/apps/c_mqtt/esp8266/build_contexts/build_ctx_118577139" to "/app"
mount from "/data/fwbuild-volumes/2.15.0/apps/c_mqtt/esp8266/build_contexts/build_ctx_118577139/deps/modules/mongoose-os" to "/mongoose-os"
mount from "/data/fwbuild-volumes/2.15.0/apps/c_mqtt/esp8266/build_contexts/build_ctx_118577139/deps/modules/mongoose-os" to "/data/fwbuild-volumes/2.15.0/apps/c_mqtt/esp8266/build_contexts/build_ctx_118577139/deps/modules/mongoose-os"
mount from "/data/fwbuild-volumes/2.15.0/apps/c_mqtt/esp8266/build_contexts/build_ctx_118577139/build" to "/data/fwbuild-volumes/2.15.0/apps/c_mqtt/esp8266/build_contexts/build_ctx_118577139/build"
mount from "/data/fwbuild-volumes/2.15.0/apps/c_mqtt/esp8266/build_contexts/build_ctx_118577139/src" to "/data/fwbuild-volumes/2.15.0/apps/c_mqtt/esp8266/build_contexts/build_ctx_118577139/src"
mount from "/data/fwbuild-volumes/2.15.0/apps/c_mqtt/esp8266/build_contexts/build_ctx_118577139/build/gen" to "/data/fwbuild-volumes/2.15.0/apps/c_mqtt/esp8266/build_contexts/build_ctx_118577139/build/gen"
mount from "/data/fwbuild-volumes/2.15.0/apps/c_mqtt/esp8266/build_contexts/build_ctx_118577139/deps/i2c/src" to "/data/fwbuild-volumes/2.15.0/apps/c_mqtt/esp8266/build_contexts/build_ctx_118577139/deps/i2c/src"
mount from "/data/fwbuild-volumes/2.15.0/apps/c_mqtt/esp8266/build_contexts/build_ctx_118577139/deps/i2c/src/gpio" to "/data/fwbuild-volumes/2.15.0/apps/c_mqtt/esp8266/build_contexts/build_ctx_118577139/deps/i2c/src/gpio"
mount from "/data/fwbuild-volumes/2.15.0/apps/c_mqtt/esp8266/build_contexts/build_ctx_118577139/deps/atca/src" to "/data/fwbuild-volumes/2.15.0/apps/c_mqtt/esp8266/build_contexts/build_ctx_118577139/deps/atca/src"
mount from "/data/fwbuild-volumes/2.15.0/apps/c_mqtt/esp8266/build_contexts/build_ctx_118577139/deps/atca/cryptoauthlib/lib" to "/data/fwbuild-volumes/2.15.0/apps/c_mqtt/esp8266/build_contexts/build_ctx_118577139/deps/atca/cryptoauthlib/lib"
mount from "/data/fwbuild-volumes/2.15.0/apps/c_mqtt/esp8266/build_contexts/build_ctx_118577139/deps/atca/cryptoauthlib/lib/basic" to "/data/fwbuild-volumes/2.15.0/apps/c_mqtt/esp8266/build_contexts/build_ctx_118577139/deps/atca/cryptoauthlib/lib/basic"
mount from "/data/fwbuild-volumes/2.15.0/apps/c_mqtt/esp8266/build_contexts/build_ctx_118577139/deps/atca/cryptoauthlib/lib/crypto" to "/data/fwbuild-volumes/2.15.0/apps/c_mqtt/esp8266/build_contexts/build_ctx_118577139/deps/atca/cryptoauthlib/lib/crypto"
mount from "/data/fwbuild-volumes/2.15.0/apps/c_mqtt/esp8266/build_contexts/build_ctx_118577139/deps/atca/cryptoauthlib/lib/hal" to "/data/fwbuild-volumes/2.15.0/apps/c_mqtt/esp8266/build_contexts/build_ctx_118577139/deps/atca/cryptoauthlib/lib/hal"
mount from "/data/fwbuild-volumes/2.15.0/apps/c_mqtt/esp8266/build_contexts/build_ctx_118577139/deps/atca/cryptoauthlib/lib/host" to "/data/fwbuild-volumes/2.15.0/apps/c_mqtt/esp8266/build_contexts/build_ctx_118577139/deps/atca/cryptoauthlib/lib/host"
mount from "/data/fwbuild-volumes/2.15.0/apps/c_mqtt/esp8266/build_contexts/build_ctx_118577139/deps/vfs-common/src" to "/data/fwbuild-volumes/2.15.0/apps/c_mqtt/esp8266/build_contexts/build_ctx_118577139/deps/vfs-common/src"
mount from "/data/fwbuild-volumes/2.15.0/apps/c_mqtt/esp8266/build_contexts/build_ctx_118577139/deps/vfs-common/src/esp8266" to "/data/fwbuild-volumes/2.15.0/apps/c_mqtt/esp8266/build_contexts/build_ctx_118577139/deps/vfs-common/src/esp8266"
mount from "/data/fwbuild-volumes/2.15.0/apps/c_mqtt/esp8266/build_contexts/build_ctx_118577139/deps/vfs-dev-part/src" to "/data/fwbuild-volumes/2.15.0/apps/c_mqtt/esp8266/build_contexts/build_ctx_118577139/deps/vfs-dev-part/src"
mount from "/data/fwbuild-volumes/2.15.0/apps/c_mqtt/esp8266/build_contexts/build_ctx_118577139/deps/vfs-fs-spiffs/src" to "/data/fwbuild-volumes/2.15.0/apps/c_mqtt/esp8266/build_contexts/build_ctx_118577139/deps/vfs-fs-spiffs/src"
mount from "/data/fwbuild-volumes/2.15.0/apps/c_mqtt/esp8266/build_contexts/build_ctx_118577139/deps/vfs-fs-spiffs/src/spiffs" to "/data/fwbuild-volumes/2.15.0/apps/c_mqtt/esp8266/build_contexts/build_ctx_118577139/deps/vfs-fs-spiffs/src/spiffs"
mount from "/data/fwbuild-volumes/2.15.0/apps/c_mqtt/esp8266/build_contexts/build_ctx_118577139/deps/core/src" to "/data/fwbuild-volumes/2.15.0/apps/c_mqtt/esp8266/build_contexts/build_ctx_118577139/deps/core/src"
mount from "/data/fwbuild-volumes/2.15.0/apps/c_mqtt/esp8266/build_contexts/build_ctx_118577139/deps/core/src/esp8266" to "/data/fwbuild-volumes/2.15.0/apps/c_mqtt/esp8266/build_contexts/build_ctx_118577139/deps/core/src/esp8266"
mount from "/data/fwbuild-volumes/2.15.0/apps/c_mqtt/esp8266/build_contexts/build_ctx_118577139/deps/mqtt/src" to "/data/fwbuild-volumes/2.15.0/apps/c_mqtt/esp8266/build_contexts/build_ctx_118577139/deps/mqtt/src"
mount from "/data/fwbuild-volumes/2.15.0/apps/c_mqtt/esp8266/build_contexts/build_ctx_118577139/deps/shadow/src" to "/data/fwbuild-volumes/2.15.0/apps/c_mqtt/esp8266/build_contexts/build_ctx_118577139/deps/shadow/src"
mount from "/data/fwbuild-volumes/2.15.0/apps/c_mqtt/esp8266/build_contexts/build_ctx_118577139/deps/aws/src" to "/data/fwbuild-volumes/2.15.0/apps/c_mqtt/esp8266/build_contexts/build_ctx_118577139/deps/aws/src"
mount from "/data/fwbuild-volumes/2.15.0/apps/c_mqtt/esp8266/build_contexts/build_ctx_118577139/deps/dht/src" to "/data/fwbuild-volumes/2.15.0/apps/c_mqtt/esp8266/build_contexts/build_ctx_118577139/deps/dht/src"
mount from "/data/fwbuild-volumes/2.15.0/apps/c_mqtt/esp8266/build_contexts/build_ctx_118577139/deps/http-server/src" to "/data/fwbuild-volumes/2.15.0/apps/c_mqtt/esp8266/build_contexts/build_ctx_118577139/deps/http-server/src"
mount from "/data/fwbuild-volumes/2.15.0/apps/c_mqtt/esp8266/build_contexts/build_ctx_118577139/deps/dns-sd/src" to "/data/fwbuild-volumes/2.15.0/apps/c_mqtt/esp8266/build_contexts/build_ctx_118577139/deps/dns-sd/src"
mount from "/data/fwbuild-volumes/2.15.0/apps/c_mqtt/esp8266/build_contexts/build_ctx_118577139/deps/dns-sd/src/lwip" to "/data/fwbuild-volumes/2.15.0/apps/c_mqtt/esp8266/build_contexts/build_ctx_118577139/deps/dns-sd/src/lwip"
mount from "/data/fwbuild-volumes/2.15.0/apps/c_mqtt/esp8266/build_contexts/build_ctx_118577139/deps/mjs/src" to "/data/fwbuild-volumes/2.15.0/apps/c_mqtt/esp8266/build_contexts/build_ctx_118577139/deps/mjs/src"
mount from "/data/fwbuild-volumes/2.15.0/apps/c_mqtt/esp8266/build_contexts/build_ctx_118577139/deps/modules/mjs" to "/data/fwbuild-volumes/2.15.0/apps/c_mqtt/esp8266/build_contexts/build_ctx_118577139/deps/modules/mjs"
mount from "/data/fwbuild-volumes/2.15.0/apps/c_mqtt/esp8266/build_contexts/build_ctx_118577139/deps/mjs/esp8266/src" to "/data/fwbuild-volumes/2.15.0/apps/c_mqtt/esp8266/build_contexts/build_ctx_118577139/deps/mjs/esp8266/src"
mount from "/data/fwbuild-volumes/2.15.0/apps/c_mqtt/esp8266/build_contexts/build_ctx_118577139/deps/rpc-common/src" to "/data/fwbuild-volumes/2.15.0/apps/c_mqtt/esp8266/build_contexts/build_ctx_118577139/deps/rpc-common/src"
mount from "/data/fwbuild-volumes/2.15.0/apps/c_mqtt/esp8266/build_contexts/build_ctx_118577139/deps/rpc-loopback/src" to "/data/fwbuild-volumes/2.15.0/apps/c_mqtt/esp8266/build_contexts/build_ctx_118577139/deps/rpc-loopback/src"
mount from "/data/fwbuild-volumes/2.15.0/apps/c_mqtt/esp8266/build_contexts/build_ctx_118577139/deps/rpc-mqtt/src" to "/data/fwbuild-volumes/2.15.0/apps/c_mqtt/esp8266/build_contexts/build_ctx_118577139/deps/rpc-mqtt/src"
mount from "/data/fwbuild-volumes/2.15.0/apps/c_mqtt/esp8266/build_contexts/build_ctx_118577139/deps/rpc-service-atca/src" to "/data/fwbuild-volumes/2.15.0/apps/c_mqtt/esp8266/build_contexts/build_ctx_118577139/deps/rpc-service-atca/src"
mount from "/data/fwbuild-volumes/2.15.0/apps/c_mqtt/esp8266/build_contexts/build_ctx_118577139/deps/rpc-service-config/src" to "/data/fwbuild-volumes/2.15.0/apps/c_mqtt/esp8266/build_contexts/build_ctx_118577139/deps/rpc-service-config/src"
mount from "/data/fwbuild-volumes/2.15.0/apps/c_mqtt/esp8266/build_contexts/build_ctx_118577139/deps/rpc-service-fs/src" to "/data/fwbuild-volumes/2.15.0/apps/c_mqtt/esp8266/build_contexts/build_ctx_118577139/deps/rpc-service-fs/src"
mount from "/data/fwbuild-volumes/2.15.0/apps/c_mqtt/esp8266/build_contexts/build_ctx_118577139/deps/rpc-service-gpio/src" to "/data/fwbuild-volumes/2.15.0/apps/c_mqtt/esp8266/build_contexts/build_ctx_118577139/deps/rpc-service-gpio/src"
mount from "/data/fwbuild-volumes/2.15.0/apps/c_mqtt/esp8266/build_contexts/build_ctx_118577139/deps/rpc-uart/src" to "/data/fwbuild-volumes/2.15.0/apps/c_mqtt/esp8266/build_contexts/build_ctx_118577139/deps/rpc-uart/src"
mount from "/data/fwbuild-volumes/2.15.0/apps/c_mqtt/esp8266/build_contexts/build_ctx_118577139/deps/spi/src" to "/data/fwbuild-volumes/2.15.0/apps/c_mqtt/esp8266/build_contexts/build_ctx_118577139/deps/spi/src"
mount from "/data/fwbuild-volumes/2.15.0/apps/c_mqtt/esp8266/build_contexts/build_ctx_118577139/deps/spi/src/common_gpio" to "/data/fwbuild-volumes/2.15.0/apps/c_mqtt/esp8266/build_contexts/build_ctx_118577139/deps/spi/src/common_gpio"
mount from "/data/fwbuild-volumes/2.15.0/apps/c_mqtt/esp8266/build_contexts/build_ctx_118577139/deps/vfs-dev-spi-flash/src" to "/data/fwbuild-volumes/2.15.0/apps/c_mqtt/esp8266/build_contexts/build_ctx_118577139/deps/vfs-dev-spi-flash/src"
mount from "/data/fwbuild-volumes/2.15.0/apps/c_mqtt/esp8266/build_contexts/build_ctx_118577139/deps/wifi/src" to "/data/fwbuild-volumes/2.15.0/apps/c_mqtt/esp8266/build_contexts/build_ctx_118577139/deps/wifi/src"
mount from "/data/fwbuild-volumes/2.15.0/apps/c_mqtt/esp8266/build_contexts/build_ctx_118577139/deps/wifi/src/esp8266" to "/data/fwbuild-volumes/2.15.0/apps/c_mqtt/esp8266/build_contexts/build_ctx_118577139/deps/wifi/src/esp8266"
mount from "/data/fwbuild-volumes/2.15.0/apps/c_mqtt/esp8266/build_contexts/build_ctx_118577139/deps/i2c/include" to "/data/fwbuild-volumes/2.15.0/apps/c_mqtt/esp8266/build_contexts/build_ctx_118577139/deps/i2c/include"
mount from "/data/fwbuild-volumes/2.15.0/apps/c_mqtt/esp8266/build_contexts/build_ctx_118577139/deps/atca/include" to "/data/fwbuild-volumes/2.15.0/apps/c_mqtt/esp8266/build_contexts/build_ctx_118577139/deps/atca/include"
mount from "/data/fwbuild-volumes/2.15.0/apps/c_mqtt/esp8266/build_contexts/build_ctx_118577139/deps/atca/cryptoauthlib/lib" to "/data/fwbuild-volumes/2.15.0/apps/c_mqtt/esp8266/build_contexts/build_ctx_118577139/deps/atca/cryptoauthlib/lib"
mount from "/data/fwbuild-volumes/2.15.0/apps/c_mqtt/esp8266/build_contexts/build_ctx_118577139/deps/mbedtls/include" to "/data/fwbuild-volumes/2.15.0/apps/c_mqtt/esp8266/build_contexts/build_ctx_118577139/deps/mbedtls/include"
mount from "/data/fwbuild-volumes/2.15.0/apps/c_mqtt/esp8266/build_contexts/build_ctx_118577139/deps/mbedtls/include/esp8266" to "/data/fwbuild-volumes/2.15.0/apps/c_mqtt/esp8266/build_contexts/build_ctx_118577139/deps/mbedtls/include/esp8266"
mount from "/data/fwbuild-volumes/2.15.0/apps/c_mqtt/esp8266/build_contexts/build_ctx_118577139/deps/mbedtls/mbedtls/include" to "/data/fwbuild-volumes/2.15.0/apps/c_mqtt/esp8266/build_contexts/build_ctx_118577139/deps/mbedtls/mbedtls/include"
mount from "/data/fwbuild-volumes/2.15.0/apps/c_mqtt/esp8266/build_contexts/build_ctx_118577139/deps/vfs-common/include" to "/data/fwbuild-volumes/2.15.0/apps/c_mqtt/esp8266/build_contexts/build_ctx_118577139/deps/vfs-common/include"
mount from "/data/fwbuild-volumes/2.15.0/apps/c_mqtt/esp8266/build_contexts/build_ctx_118577139/deps/vfs-common/include/esp8266" to "/data/fwbuild-volumes/2.15.0/apps/c_mqtt/esp8266/build_contexts/build_ctx_118577139/deps/vfs-common/include/esp8266"
mount from "/data/fwbuild-volumes/2.15.0/apps/c_mqtt/esp8266/build_contexts/build_ctx_118577139/deps/mongoose/include" to "/data/fwbuild-volumes/2.15.0/apps/c_mqtt/esp8266/build_contexts/build_ctx_118577139/deps/mongoose/include"
mount from "/data/fwbuild-volumes/2.15.0/apps/c_mqtt/esp8266/build_contexts/build_ctx_118577139/deps/vfs-dev-part/include" to "/data/fwbuild-volumes/2.15.0/apps/c_mqtt/esp8266/build_contexts/build_ctx_118577139/deps/vfs-dev-part/include"
mount from "/data/fwbuild-volumes/2.15.0/apps/c_mqtt/esp8266/build_contexts/build_ctx_118577139/deps/vfs-fs-spiffs/include" to "/data/fwbuild-volumes/2.15.0/apps/c_mqtt/esp8266/build_contexts/build_ctx_118577139/deps/vfs-fs-spiffs/include"
mount from "/data/fwbuild-volumes/2.15.0/apps/c_mqtt/esp8266/build_contexts/build_ctx_118577139/deps/vfs-fs-spiffs/include/spiffs" to "/data/fwbuild-volumes/2.15.0/apps/c_mqtt/esp8266/build_contexts/build_ctx_118577139/deps/vfs-fs-spiffs/include/spiffs"
mount from "/data/fwbuild-volumes/2.15.0/apps/c_mqtt/esp8266/build_contexts/build_ctx_118577139/deps/vfs-fs-spiffs/include/esp8266" to "/data/fwbuild-volumes/2.15.0/apps/c_mqtt/esp8266/build_contexts/build_ctx_118577139/deps/vfs-fs-spiffs/include/esp8266"
mount from "/data/fwbuild-volumes/2.15.0/apps/c_mqtt/esp8266/build_contexts/build_ctx_118577139/deps/core/include" to "/data/fwbuild-volumes/2.15.0/apps/c_mqtt/esp8266/build_contexts/build_ctx_118577139/deps/core/include"
mount from "/data/fwbuild-volumes/2.15.0/apps/c_mqtt/esp8266/build_contexts/build_ctx_118577139/deps/core/include/esp8266" to "/data/fwbuild-volumes/2.15.0/apps/c_mqtt/esp8266/build_contexts/build_ctx_118577139/deps/core/include/esp8266"
mount from "/data/fwbuild-volumes/2.15.0/apps/c_mqtt/esp8266/build_contexts/build_ctx_118577139/deps/mqtt/include" to "/data/fwbuild-volumes/2.15.0/apps/c_mqtt/esp8266/build_contexts/build_ctx_118577139/deps/mqtt/include"
mount from "/data/fwbuild-volumes/2.15.0/apps/c_mqtt/esp8266/build_contexts/build_ctx_118577139/deps/shadow/include" to "/data/fwbuild-volumes/2.15.0/apps/c_mqtt/esp8266/build_contexts/build_ctx_118577139/deps/shadow/include"
mount from "/data/fwbuild-volumes/2.15.0/apps/c_mqtt/esp8266/build_contexts/build_ctx_118577139/deps/aws/include" to "/data/fwbuild-volumes/2.15.0/apps/c_mqtt/esp8266/build_contexts/build_ctx_118577139/deps/aws/include"
mount from "/data/fwbuild-volumes/2.15.0/apps/c_mqtt/esp8266/build_contexts/build_ctx_118577139/deps/dht/include" to "/data/fwbuild-volumes/2.15.0/apps/c_mqtt/esp8266/build_contexts/build_ctx_118577139/deps/dht/include"
mount from "/data/fwbuild-volumes/2.15.0/apps/c_mqtt/esp8266/build_contexts/build_ctx_118577139/deps/http-server/include" to "/data/fwbuild-volumes/2.15.0/apps/c_mqtt/esp8266/build_contexts/build_ctx_118577139/deps/http-server/include"
mount from "/data/fwbuild-volumes/2.15.0/apps/c_mqtt/esp8266/build_contexts/build_ctx_118577139/deps/dns-sd/include" to "/data/fwbuild-volumes/2.15.0/apps/c_mqtt/esp8266/build_contexts/build_ctx_118577139/deps/dns-sd/include"
mount from "/data/fwbuild-volumes/2.15.0/apps/c_mqtt/esp8266/build_contexts/build_ctx_118577139/deps/mjs/include" to "/data/fwbuild-volumes/2.15.0/apps/c_mqtt/esp8266/build_contexts/build_ctx_118577139/deps/mjs/include"
mount from "/data/fwbuild-volumes/2.15.0/apps/c_mqtt/esp8266/build_contexts/build_ctx_118577139/deps/ota-common/include" to "/data/fwbuild-volumes/2.15.0/apps/c_mqtt/esp8266/build_contexts/build_ctx_118577139/deps/ota-common/include"
mount from "/data/fwbuild-volumes/2.15.0/apps/c_mqtt/esp8266/build_contexts/build_ctx_118577139/deps/ota-http-client/include" to "/data/fwbuild-volumes/2.15.0/apps/c_mqtt/esp8266/build_contexts/build_ctx_118577139/deps/ota-http-client/include"
mount from "/data/fwbuild-volumes/2.15.0/apps/c_mqtt/esp8266/build_contexts/build_ctx_118577139/deps/rpc-common/include" to "/data/fwbuild-volumes/2.15.0/apps/c_mqtt/esp8266/build_contexts/build_ctx_118577139/deps/rpc-common/include"
mount from "/data/fwbuild-volumes/2.15.0/apps/c_mqtt/esp8266/build_contexts/build_ctx_118577139/deps/rpc-loopback/include" to "/data/fwbuild-volumes/2.15.0/apps/c_mqtt/esp8266/build_contexts/build_ctx_118577139/deps/rpc-loopback/include"
mount from "/data/fwbuild-volumes/2.15.0/apps/c_mqtt/esp8266/build_contexts/build_ctx_118577139/deps/rpc-mqtt/include" to "/data/fwbuild-volumes/2.15.0/apps/c_mqtt/esp8266/build_contexts/build_ctx_118577139/deps/rpc-mqtt/include"
mount from "/data/fwbuild-volumes/2.15.0/apps/c_mqtt/esp8266/build_contexts/build_ctx_118577139/deps/rpc-service-config/include" to "/data/fwbuild-volumes/2.15.0/apps/c_mqtt/esp8266/build_contexts/build_ctx_118577139/deps/rpc-service-config/include"
mount from "/data/fwbuild-volumes/2.15.0/apps/c_mqtt/esp8266/build_contexts/build_ctx_118577139/deps/rpc-service-fs/include" to "/data/fwbuild-volumes/2.15.0/apps/c_mqtt/esp8266/build_contexts/build_ctx_118577139/deps/rpc-service-fs/include"
mount from "/data/fwbuild-volumes/2.15.0/apps/c_mqtt/esp8266/build_contexts/build_ctx_118577139/deps/rpc-service-gpio/include" to "/data/fwbuild-volumes/2.15.0/apps/c_mqtt/esp8266/build_contexts/build_ctx_118577139/deps/rpc-service-gpio/include"
mount from "/data/fwbuild-volumes/2.15.0/apps/c_mqtt/esp8266/build_contexts/build_ctx_118577139/deps/rpc-service-ota/include" to "/data/fwbuild-volumes/2.15.0/apps/c_mqtt/esp8266/build_contexts/build_ctx_118577139/deps/rpc-service-ota/include"
mount from "/data/fwbuild-volumes/2.15.0/apps/c_mqtt/esp8266/build_contexts/build_ctx_118577139/deps/rpc-uart/include" to "/data/fwbuild-volumes/2.15.0/apps/c_mqtt/esp8266/build_contexts/build_ctx_118577139/deps/rpc-uart/include"
mount from "/data/fwbuild-volumes/2.15.0/apps/c_mqtt/esp8266/build_contexts/build_ctx_118577139/deps/spi/include" to "/data/fwbuild-volumes/2.15.0/apps/c_mqtt/esp8266/build_contexts/build_ctx_118577139/deps/spi/include"
mount from "/data/fwbuild-volumes/2.15.0/apps/c_mqtt/esp8266/build_contexts/build_ctx_118577139/deps/vfs-dev-spi-flash/include" to "/data/fwbuild-volumes/2.15.0/apps/c_mqtt/esp8266/build_contexts/build_ctx_118577139/deps/vfs-dev-spi-flash/include"
mount from "/data/fwbuild-volumes/2.15.0/apps/c_mqtt/esp8266/build_contexts/build_ctx_118577139/deps/wifi/include" to "/data/fwbuild-volumes/2.15.0/apps/c_mqtt/esp8266/build_contexts/build_ctx_118577139/deps/wifi/include"
mount from "/data/fwbuild-volumes/2.15.0/apps/c_mqtt/esp8266/build_contexts/build_ctx_118577139/deps/ca-bundle/fs" to "/data/fwbuild-volumes/2.15.0/apps/c_mqtt/esp8266/build_contexts/build_ctx_118577139/deps/ca-bundle/fs"
mount from "/data/fwbuild-volumes/2.15.0/apps/c_mqtt/esp8266/build_contexts/build_ctx_118577139/deps/mjs/fs" to "/data/fwbuild-volumes/2.15.0/apps/c_mqtt/esp8266/build_contexts/build_ctx_118577139/deps/mjs/fs"
mount from "/data/fwbuild-volumes/2.15.0/apps/c_mqtt/esp8266/build_contexts/build_ctx_118577139/deps/modules/mjs/mjs/lib" to "/data/fwbuild-volumes/2.15.0/apps/c_mqtt/esp8266/build_contexts/build_ctx_118577139/deps/modules/mjs/mjs/lib"
mount from "/data/fwbuild-volumes/2.15.0/apps/c_mqtt/esp8266/build_contexts/build_ctx_118577139/deps/i2c/mjs_fs" to "/data/fwbuild-volumes/2.15.0/apps/c_mqtt/esp8266/build_contexts/build_ctx_118577139/deps/i2c/mjs_fs"
mount from "/data/fwbuild-volumes/2.15.0/apps/c_mqtt/esp8266/build_contexts/build_ctx_118577139/deps/mqtt/mjs_fs" to "/data/fwbuild-volumes/2.15.0/apps/c_mqtt/esp8266/build_contexts/build_ctx_118577139/deps/mqtt/mjs_fs"
mount from "/data/fwbuild-volumes/2.15.0/apps/c_mqtt/esp8266/build_contexts/build_ctx_118577139/deps/shadow/mjs_fs" to "/data/fwbuild-volumes/2.15.0/apps/c_mqtt/esp8266/build_contexts/build_ctx_118577139/deps/shadow/mjs_fs"
mount from "/data/fwbuild-volumes/2.15.0/apps/c_mqtt/esp8266/build_contexts/build_ctx_118577139/deps/aws/mjs_fs" to "/data/fwbuild-volumes/2.15.0/apps/c_mqtt/esp8266/build_contexts/build_ctx_118577139/deps/aws/mjs_fs"
mount from "/data/fwbuild-volumes/2.15.0/apps/c_mqtt/esp8266/build_contexts/build_ctx_118577139/deps/dht/mjs_fs" to "/data/fwbuild-volumes/2.15.0/apps/c_mqtt/esp8266/build_contexts/build_ctx_118577139/deps/dht/mjs_fs"
mount from "/data/fwbuild-volumes/2.15.0/apps/c_mqtt/esp8266/build_contexts/build_ctx_118577139/deps/ota-http-client/mjs_fs" to "/data/fwbuild-volumes/2.15.0/apps/c_mqtt/esp8266/build_contexts/build_ctx_118577139/deps/ota-http-client/mjs_fs"
mount from "/data/fwbuild-volumes/2.15.0/apps/c_mqtt/esp8266/build_contexts/build_ctx_118577139/deps/rpc-common/mjs_fs" to "/data/fwbuild-volumes/2.15.0/apps/c_mqtt/esp8266/build_contexts/build_ctx_118577139/deps/rpc-common/mjs_fs"
mount from "/data/fwbuild-volumes/2.15.0/apps/c_mqtt/esp8266/build_contexts/build_ctx_118577139/deps/spi/mjs_fs" to "/data/fwbuild-volumes/2.15.0/apps/c_mqtt/esp8266/build_contexts/build_ctx_118577139/deps/spi/mjs_fs"
mount from "/data/fwbuild-volumes/2.15.0/apps/c_mqtt/esp8266/build_contexts/build_ctx_118577139/deps/wifi/mjs_fs" to "/data/fwbuild-volumes/2.15.0/apps/c_mqtt/esp8266/build_contexts/build_ctx_118577139/deps/wifi/mjs_fs"
mount from "/data/fwbuild-volumes/2.15.0/apps/c_mqtt/esp8266/build_contexts/build_ctx_118577139/deps/mjs/esp8266/fs" to "/data/fwbuild-volumes/2.15.0/apps/c_mqtt/esp8266/build_contexts/build_ctx_118577139/deps/mjs/esp8266/fs"
mount from "/data/fwbuild-volumes/2.15.0/apps/c_mqtt/esp8266/build_contexts/build_ctx_118577139/fs" to "/data/fwbuild-volumes/2.15.0/apps/c_mqtt/esp8266/build_contexts/build_ctx_118577139/fs"
mount from "/data/fwbuild-volumes/2.15.0/apps/c_mqtt/esp8266/build_contexts/build_ctx_118577139/build/objs" to "/data/fwbuild-volumes/2.15.0/apps/c_mqtt/esp8266/build_contexts/build_ctx_118577139/build/objs"
mount from "/data/fwbuild-volumes/2.15.0/apps/c_mqtt/esp8266/build_contexts/build_ctx_118577139/build/objs" to "/data/fwbuild-volumes/2.15.0/apps/c_mqtt/esp8266/build_contexts/build_ctx_118577139/build/objs"
mount from "/data/fwbuild-volumes/2.15.0/apps/c_mqtt/esp8266/build_contexts/build_ctx_118577139/build/objs" to "/data/fwbuild-volumes/2.15.0/apps/c_mqtt/esp8266/build_contexts/build_ctx_118577139/build/objs"
mount from "/data/fwbuild-volumes/2.15.0/apps/c_mqtt/esp8266/build_contexts/build_ctx_118577139/build/objs" to "/data/fwbuild-volumes/2.15.0/apps/c_mqtt/esp8266/build_contexts/build_ctx_118577139/build/objs"
mount from "/data/fwbuild-volumes/2.15.0/apps/c_mqtt/esp8266/build_contexts/build_ctx_118577139/build/objs" to "/data/fwbuild-volumes/2.15.0/apps/c_mqtt/esp8266/build_contexts/build_ctx_118577139/build/objs"
mount from "/data/fwbuild-volumes/2.15.0/apps/c_mqtt/esp8266/build_contexts/build_ctx_118577139/build/objs" to "/data/fwbuild-volumes/2.15.0/apps/c_mqtt/esp8266/build_contexts/build_ctx_118577139/build/objs"
mount from "/data/fwbuild-volumes/2.15.0/apps/c_mqtt/esp8266/build_contexts/build_ctx_118577139/build/gen" to "/data/fwbuild-volumes/2.15.0/apps/c_mqtt/esp8266/build_contexts/build_ctx_118577139/build/gen"
Docker arguments: run --name mos_build_2019-10-08T16-24-15-00_7717579324947028668 --rm -i -v /data/fwbuild-volumes/2.15.0/apps/c_mqtt/esp8266/build_contexts/build_ctx_118577139/deps/rpc-loopback/include:/data/fwbuild-volumes/2.15.0/apps/c_mqtt/esp8266/build_contexts/build_ctx_118577139/deps/rpc-loopback/include -v /data/fwbuild-volumes/2.15.0/apps/c_mqtt/esp8266/build_contexts/build_ctx_118577139/deps/atca/cryptoauthlib/lib/basic:/data/fwbuild-volumes/2.15.0/apps/c_mqtt/esp8266/build_contexts/build_ctx_118577139/deps/atca/cryptoauthlib/lib/basic -v /data/fwbuild-volumes/2.15.0/apps/c_mqtt/esp8266/build_contexts/build_ctx_118577139/deps/mqtt/src:/data/fwbuild-volumes/2.15.0/apps/c_mqtt/esp8266/build_contexts/build_ctx_118577139/deps/mqtt/src -v /data/fwbuild-volumes/2.15.0/apps/c_mqtt/esp8266/build_contexts/build_ctx_118577139/deps/aws/src:/data/fwbuild-volumes/2.15.0/apps/c_mqtt/esp8266/build_contexts/build_ctx_118577139/deps/aws/src -v /data/fwbuild-volumes/2.15.0/apps/c_mqtt/esp8266/build_contexts/build_ctx_118577139/deps/http-server/src:/data/fwbuild-volumes/2.15.0/apps/c_mqtt/esp8266/build_contexts/build_ctx_118577139/deps/http-server/src -v /data/fwbuild-volumes/2.15.0/apps/c_mqtt/esp8266/build_contexts/build_ctx_118577139/deps/dns-sd/src:/data/fwbuild-volumes/2.15.0/apps/c_mqtt/esp8266/build_contexts/build_ctx_118577139/deps/dns-sd/src -v /data/fwbuild-volumes/2.15.0/apps/c_mqtt/esp8266/build_contexts/build_ctx_118577139/deps/i2c/include:/data/fwbuild-volumes/2.15.0/apps/c_mqtt/esp8266/build_contexts/build_ctx_118577139/deps/i2c/include -v /data/fwbuild-volumes/2.15.0/apps/c_mqtt/esp8266/build_contexts/build_ctx_118577139/deps/shadow/include:/data/fwbuild-volumes/2.15.0/apps/c_mqtt/esp8266/build_contexts/build_ctx_118577139/deps/shadow/include -v /data/fwbuild-volumes/2.15.0/apps/c_mqtt/esp8266/build_contexts/build_ctx_118577139/deps/dht/mjs_fs:/data/fwbuild-volumes/2.15.0/apps/c_mqtt/esp8266/build_contexts/build_ctx_118577139/deps/dht/mjs_fs -v /data/fwbuild-volumes/2.15.0/apps/c_mqtt/esp8266/build_contexts/build_ctx_118577139:/app -v /data/fwbuild-volumes/2.15.0/apps/c_mqtt/esp8266/build_contexts/build_ctx_118577139/deps/vfs-fs-spiffs/src/spiffs:/data/fwbuild-volumes/2.15.0/apps/c_mqtt/esp8266/build_contexts/build_ctx_118577139/deps/vfs-fs-spiffs/src/spiffs -v /data/fwbuild-volumes/2.15.0/apps/c_mqtt/esp8266/build_contexts/build_ctx_118577139/deps/rpc-mqtt/src:/data/fwbuild-volumes/2.15.0/apps/c_mqtt/esp8266/build_contexts/build_ctx_118577139/deps/rpc-mqtt/src -v /data/fwbuild-volumes/2.15.0/apps/c_mqtt/esp8266/build_contexts/build_ctx_118577139/deps/mbedtls/include:/data/fwbuild-volumes/2.15.0/apps/c_mqtt/esp8266/build_contexts/build_ctx_118577139/deps/mbedtls/include -v /data/fwbuild-volumes/2.15.0/apps/c_mqtt/esp8266/build_contexts/build_ctx_118577139/deps/mbedtls/include/esp8266:/data/fwbuild-volumes/2.15.0/apps/c_mqtt/esp8266/build_contexts/build_ctx_118577139/deps/mbedtls/include/esp8266 -v /data/fwbuild-volumes/2.15.0/apps/c_mqtt/esp8266/build_contexts/build_ctx_118577139/deps/mqtt/include:/data/fwbuild-volumes/2.15.0/apps/c_mqtt/esp8266/build_contexts/build_ctx_118577139/deps/mqtt/include -v /data/fwbuild-volumes/2.15.0/apps/c_mqtt/esp8266/build_contexts/build_ctx_118577139/deps/mqtt/mjs_fs:/data/fwbuild-volumes/2.15.0/apps/c_mqtt/esp8266/build_contexts/build_ctx_118577139/deps/mqtt/mjs_fs -v /data/fwbuild-volumes/2.15.0/apps/c_mqtt/esp8266/build_contexts/build_ctx_118577139/deps/atca/cryptoauthlib/lib/host:/data/fwbuild-volumes/2.15.0/apps/c_mqtt/esp8266/build_contexts/build_ctx_118577139/deps/atca/cryptoauthlib/lib/host -v /data/fwbuild-volumes/2.15.0/apps/c_mqtt/esp8266/build_contexts/build_ctx_118577139/deps/rpc-service-atca/src:/data/fwbuild-volumes/2.15.0/apps/c_mqtt/esp8266/build_contexts/build_ctx_118577139/deps/rpc-service-atca/src -v /data/fwbuild-volumes/2.15.0/apps/c_mqtt/esp8266/build_contexts/build_ctx_118577139/deps/vfs-dev-spi-flash/include:/data/fwbuild-volumes/2.15.0/apps/c_mqtt/esp8266/build_contexts/build_ctx_118577139/deps/vfs-dev-spi-flash/include -v /data/fwbuild-volumes/2.15.0/apps/c_mqtt/esp8266/build_contexts/build_ctx_118577139/deps/dht/include:/data/fwbuild-volumes/2.15.0/apps/c_mqtt/esp8266/build_contexts/build_ctx_118577139/deps/dht/include -v /data/fwbuild-volumes/2.15.0/apps/c_mqtt/esp8266/build_contexts/build_ctx_118577139/deps/modules/mongoose-os:/data/fwbuild-volumes/2.15.0/apps/c_mqtt/esp8266/build_contexts/build_ctx_118577139/deps/modules/mongoose-os -v /data/fwbuild-volumes/2.15.0/apps/c_mqtt/esp8266/build_contexts/build_ctx_118577139/deps/i2c/src:/data/fwbuild-volumes/2.15.0/apps/c_mqtt/esp8266/build_contexts/build_ctx_118577139/deps/i2c/src -v /data/fwbuild-volumes/2.15.0/apps/c_mqtt/esp8266/build_contexts/build_ctx_118577139/deps/vfs-common/src:/data/fwbuild-volumes/2.15.0/apps/c_mqtt/esp8266/build_contexts/build_ctx_118577139/deps/vfs-common/src -v /data/fwbuild-volumes/2.15.0/apps/c_mqtt/esp8266/build_contexts/build_ctx_118577139/deps/shadow/src:/data/fwbuild-volumes/2.15.0/apps/c_mqtt/esp8266/build_contexts/build_ctx_118577139/deps/shadow/src -v /data/fwbuild-volumes/2.15.0/apps/c_mqtt/esp8266/build_contexts/build_ctx_118577139/deps/mjs/esp8266/src:/data/fwbuild-volumes/2.15.0/apps/c_mqtt/esp8266/build_contexts/build_ctx_118577139/deps/mjs/esp8266/src -v /data/fwbuild-volumes/2.15.0/apps/c_mqtt/esp8266/build_contexts/build_ctx_118577139/deps/rpc-loopback/src:/data/fwbuild-volumes/2.15.0/apps/c_mqtt/esp8266/build_contexts/build_ctx_118577139/deps/rpc-loopback/src -v /data/fwbuild-volumes/2.15.0/apps/c_mqtt/esp8266/build_contexts/build_ctx_118577139/deps/mongoose/include:/data/fwbuild-volumes/2.15.0/apps/c_mqtt/esp8266/build_contexts/build_ctx_118577139/deps/mongoose/include -v /data/fwbuild-volumes/2.15.0/apps/c_mqtt/esp8266/build_contexts/build_ctx_118577139/deps/shadow/mjs_fs:/data/fwbuild-volumes/2.15.0/apps/c_mqtt/esp8266/build_contexts/build_ctx_118577139/deps/shadow/mjs_fs -v /data/fwbuild-volumes/2.15.0/apps/c_mqtt/esp8266/build_contexts/build_ctx_118577139/deps/rpc-common/mjs_fs:/data/fwbuild-volumes/2.15.0/apps/c_mqtt/esp8266/build_contexts/build_ctx_118577139/deps/rpc-common/mjs_fs -v /data/fwbuild-volumes/2.15.0/apps/c_mqtt/esp8266/build_contexts/build_ctx_118577139/build/gen:/data/fwbuild-volumes/2.15.0/apps/c_mqtt/esp8266/build_contexts/build_ctx_118577139/build/gen -v /data/fwbuild-volumes/2.15.0/apps/c_mqtt/esp8266/build_contexts/build_ctx_118577139/deps/dns-sd/src/lwip:/data/fwbuild-volumes/2.15.0/apps/c_mqtt/esp8266/build_contexts/build_ctx_118577139/deps/dns-sd/src/lwip -v /data/fwbuild-volumes/2.15.0/apps/c_mqtt/esp8266/build_contexts/build_ctx_118577139/deps/spi/src:/data/fwbuild-volumes/2.15.0/apps/c_mqtt/esp8266/build_contexts/build_ctx_118577139/deps/spi/src -v /data/fwbuild-volumes/2.15.0/apps/c_mqtt/esp8266/build_contexts/build_ctx_118577139/deps/dns-sd/include:/data/fwbuild-volumes/2.15.0/apps/c_mqtt/esp8266/build_contexts/build_ctx_118577139/deps/dns-sd/include -v /data/fwbuild-volumes/2.15.0/apps/c_mqtt/esp8266/build_contexts/build_ctx_118577139/fs:/data/fwbuild-volumes/2.15.0/apps/c_mqtt/esp8266/build_contexts/build_ctx_118577139/fs -v /data/fwbuild-volumes/2.15.0/apps/c_mqtt/esp8266/build_contexts/build_ctx_118577139/deps/atca/cryptoauthlib/lib/crypto:/data/fwbuild-volumes/2.15.0/apps/c_mqtt/esp8266/build_contexts/build_ctx_118577139/deps/atca/cryptoauthlib/lib/crypto -v /data/fwbuild-volumes/2.15.0/apps/c_mqtt/esp8266/build_contexts/build_ctx_118577139/deps/vfs-fs-spiffs/src:/data/fwbuild-volumes/2.15.0/apps/c_mqtt/esp8266/build_contexts/build_ctx_118577139/deps/vfs-fs-spiffs/src -v /data/fwbuild-volumes/2.15.0/apps/c_mqtt/esp8266/build_contexts/build_ctx_118577139/deps/mjs/src:/data/fwbuild-volumes/2.15.0/apps/c_mqtt/esp8266/build_contexts/build_ctx_118577139/deps/mjs/src -v /data/fwbuild-volumes/2.15.0/apps/c_mqtt/esp8266/build_contexts/build_ctx_118577139/deps/mbedtls/mbedtls/include:/data/fwbuild-volumes/2.15.0/apps/c_mqtt/esp8266/build_contexts/build_ctx_118577139/deps/mbedtls/mbedtls/include -v /data/fwbuild-volumes/2.15.0/apps/c_mqtt/esp8266/build_contexts/build_ctx_118577139/build/objs:/data/fwbuild-volumes/2.15.0/apps/c_mqtt/esp8266/build_contexts/build_ctx_118577139/build/objs -v /data/fwbuild-volumes/2.15.0/apps/c_mqtt/esp8266/build_contexts/build_ctx_118577139/deps/i2c/mjs_fs:/data/fwbuild-volumes/2.15.0/apps/c_mqtt/esp8266/build_contexts/build_ctx_118577139/deps/i2c/mjs_fs -v /data/fwbuild-volumes/2.15.0/apps/c_mqtt/esp8266/build_contexts/build_ctx_118577139/deps/atca/cryptoauthlib/lib:/data/fwbuild-volumes/2.15.0/apps/c_mqtt/esp8266/build_contexts/build_ctx_118577139/deps/atca/cryptoauthlib/lib -v /data/fwbuild-volumes/2.15.0/apps/c_mqtt/esp8266/build_contexts/build_ctx_118577139/deps/rpc-common/src:/data/fwbuild-volumes/2.15.0/apps/c_mqtt/esp8266/build_contexts/build_ctx_118577139/deps/rpc-common/src -v /data/fwbuild-volumes/2.15.0/apps/c_mqtt/esp8266/build_contexts/build_ctx_118577139/deps/rpc-uart/src:/data/fwbuild-volumes/2.15.0/apps/c_mqtt/esp8266/build_contexts/build_ctx_118577139/deps/rpc-uart/src -v /data/fwbuild-volumes/2.15.0/apps/c_mqtt/esp8266/build_contexts/build_ctx_118577139/deps/ota-http-client/include:/data/fwbuild-volumes/2.15.0/apps/c_mqtt/esp8266/build_contexts/build_ctx_118577139/deps/ota-http-client/include -v /data/fwbuild-volumes/2.15.0/apps/c_mqtt/esp8266/build_contexts/build_ctx_118577139/deps/rpc-service-config/include:/data/fwbuild-volumes/2.15.0/apps/c_mqtt/esp8266/build_contexts/build_ctx_118577139/deps/rpc-service-config/include -v /data/fwbuild-volumes/2.15.0/apps/c_mqtt/esp8266/build_contexts/build_ctx_118577139/deps/rpc-service-fs/include:/data/fwbuild-volumes/2.15.0/apps/c_mqtt/esp8266/build_contexts/build_ctx_118577139/deps/rpc-service-fs/include -v /data/fwbuild-volumes/2.15.0/apps/c_mqtt/esp8266/build_contexts/build_ctx_118577139/deps/rpc-service-ota/include:/data/fwbuild-volumes/2.15.0/apps/c_mqtt/esp8266/build_contexts/build_ctx_118577139/deps/rpc-service-ota/include -v /data/fwbuild-volumes/2.15.0/apps/c_mqtt/esp8266/build_contexts/build_ctx_118577139/deps/vfs-dev-spi-flash/src:/data/fwbuild-volumes/2.15.0/apps/c_mqtt/esp8266/build_contexts/build_ctx_118577139/deps/vfs-dev-spi-flash/src -v /data/fwbuild-volumes/2.15.0/apps/c_mqtt/esp8266/build_contexts/build_ctx_118577139/deps/wifi/src/esp8266:/data/fwbuild-volumes/2.15.0/apps/c_mqtt/esp8266/build_contexts/build_ctx_118577139/deps/wifi/src/esp8266 -v /data/fwbuild-volumes/2.15.0/apps/c_mqtt/esp8266/build_contexts/build_ctx_118577139/deps/vfs-fs-spiffs/include/esp8266:/data/fwbuild-volumes/2.15.0/apps/c_mqtt/esp8266/build_contexts/build_ctx_118577139/deps/vfs-fs-spiffs/include/esp8266 -v /data/fwbuild-volumes/2.15.0/apps/c_mqtt/esp8266/build_contexts/build_ctx_118577139/deps/rpc-mqtt/include:/data/fwbuild-volumes/2.15.0/apps/c_mqtt/esp8266/build_contexts/build_ctx_118577139/deps/rpc-mqtt/include -v /data/fwbuild-volumes/2.15.0/apps/c_mqtt/esp8266/build_contexts/build_ctx_118577139/deps/rpc-service-gpio/include:/data/fwbuild-volumes/2.15.0/apps/c_mqtt/esp8266/build_contexts/build_ctx_118577139/deps/rpc-service-gpio/include -v /data/fwbuild-volumes/2.15.0/apps/c_mqtt/esp8266/build_contexts/build_ctx_118577139/deps/rpc-uart/include:/data/fwbuild-volumes/2.15.0/apps/c_mqtt/esp8266/build_contexts/build_ctx_118577139/deps/rpc-uart/include -v /data/fwbuild-volumes/2.15.0/apps/c_mqtt/esp8266/build_contexts/build_ctx_118577139/deps/vfs-dev-part/src:/data/fwbuild-volumes/2.15.0/apps/c_mqtt/esp8266/build_contexts/build_ctx_118577139/deps/vfs-dev-part/src -v /data/fwbuild-volumes/2.15.0/apps/c_mqtt/esp8266/build_contexts/build_ctx_118577139/deps/rpc-service-config/src:/data/fwbuild-volumes/2.15.0/apps/c_mqtt/esp8266/build_contexts/build_ctx_118577139/deps/rpc-service-config/src -v /data/fwbuild-volumes/2.15.0/apps/c_mqtt/esp8266/build_contexts/build_ctx_118577139/deps/vfs-fs-spiffs/include:/data/fwbuild-volumes/2.15.0/apps/c_mqtt/esp8266/build_contexts/build_ctx_118577139/deps/vfs-fs-spiffs/include -v /data/fwbuild-volumes/2.15.0/apps/c_mqtt/esp8266/build_contexts/build_ctx_118577139/deps/vfs-fs-spiffs/include/spiffs:/data/fwbuild-volumes/2.15.0/apps/c_mqtt/esp8266/build_contexts/build_ctx_118577139/deps/vfs-fs-spiffs/include/spiffs -v /data/fwbuild-volumes/2.15.0/apps/c_mqtt/esp8266/build_contexts/build_ctx_118577139/deps/core/include/esp8266:/data/fwbuild-volumes/2.15.0/apps/c_mqtt/esp8266/build_contexts/build_ctx_118577139/deps/core/include/esp8266 -v /data/fwbuild-volumes/2.15.0/apps/c_mqtt/esp8266/build_contexts/build_ctx_118577139/deps/ota-common/include:/data/fwbuild-volumes/2.15.0/apps/c_mqtt/esp8266/build_contexts/build_ctx_118577139/deps/ota-common/include -v /data/fwbuild-volumes/2.15.0/apps/c_mqtt/esp8266/build_contexts/build_ctx_118577139/deps/modules/mongoose-os:/mongoose-os -v /data/fwbuild-volumes/2.15.0/apps/c_mqtt/esp8266/build_contexts/build_ctx_118577139/deps/mjs/include:/data/fwbuild-volumes/2.15.0/apps/c_mqtt/esp8266/build_contexts/build_ctx_118577139/deps/mjs/include -v /data/fwbuild-volumes/2.15.0/apps/c_mqtt/esp8266/build_contexts/build_ctx_118577139/deps/wifi/mjs_fs:/data/fwbuild-volumes/2.15.0/apps/c_mqtt/esp8266/build_contexts/build_ctx_118577139/deps/wifi/mjs_fs -v /data/fwbuild-volumes/2.15.0/apps/c_mqtt/esp8266/build_contexts/build_ctx_118577139/deps/mjs/esp8266/fs:/data/fwbuild-volumes/2.15.0/apps/c_mqtt/esp8266/build_contexts/build_ctx_118577139/deps/mjs/esp8266/fs -v /data/fwbuild-volumes/2.15.0/apps/c_mqtt/esp8266/build_contexts/build_ctx_118577139/src:/data/fwbuild-volumes/2.15.0/apps/c_mqtt/esp8266/build_contexts/build_ctx_118577139/src -v /data/fwbuild-volumes/2.15.0/apps/c_mqtt/esp8266/build_contexts/build_ctx_118577139/deps/core/src:/data/fwbuild-volumes/2.15.0/apps/c_mqtt/esp8266/build_contexts/build_ctx_118577139/deps/core/src -v /data/fwbuild-volumes/2.15.0/apps/c_mqtt/esp8266/build_contexts/build_ctx_118577139/deps/core/src/esp8266:/data/fwbuild-volumes/2.15.0/apps/c_mqtt/esp8266/build_contexts/build_ctx_118577139/deps/core/src/esp8266 -v /data/fwbuild-volumes/2.15.0/apps/c_mqtt/esp8266/build_contexts/build_ctx_118577139/deps/rpc-service-fs/src:/data/fwbuild-volumes/2.15.0/apps/c_mqtt/esp8266/build_contexts/build_ctx_118577139/deps/rpc-service-fs/src -v /data/fwbuild-volumes/2.15.0/apps/c_mqtt/esp8266/build_contexts/build_ctx_118577139/deps/vfs-common/include:/data/fwbuild-volumes/2.15.0/apps/c_mqtt/esp8266/build_contexts/build_ctx_118577139/deps/vfs-common/include -v /data/fwbuild-volumes/2.15.0/apps/c_mqtt/esp8266/build_contexts/build_ctx_118577139/deps/vfs-dev-part/include:/data/fwbuild-volumes/2.15.0/apps/c_mqtt/esp8266/build_contexts/build_ctx_118577139/deps/vfs-dev-part/include -v /data/fwbuild-volumes/2.15.0/apps/c_mqtt/esp8266/build_contexts/build_ctx_118577139/deps/spi/include:/data/fwbuild-volumes/2.15.0/apps/c_mqtt/esp8266/build_contexts/build_ctx_118577139/deps/spi/include -v /data/fwbuild-volumes/2.15.0/apps/c_mqtt/esp8266/build_contexts/build_ctx_118577139/deps/spi/mjs_fs:/data/fwbuild-volumes/2.15.0/apps/c_mqtt/esp8266/build_contexts/build_ctx_118577139/deps/spi/mjs_fs -v /data/fwbuild-volumes/2.15.0/apps/c_mqtt/esp8266/build_contexts/build_ctx_118577139/deps/atca/cryptoauthlib/lib/hal:/data/fwbuild-volumes/2.15.0/apps/c_mqtt/esp8266/build_contexts/build_ctx_118577139/deps/atca/cryptoauthlib/lib/hal -v /data/fwbuild-volumes/2.15.0/apps/c_mqtt/esp8266/build_contexts/build_ctx_118577139/deps/spi/src/common_gpio:/data/fwbuild-volumes/2.15.0/apps/c_mqtt/esp8266/build_contexts/build_ctx_118577139/deps/spi/src/common_gpio -v /data/fwbuild-volumes/2.15.0/apps/c_mqtt/esp8266/build_contexts/build_ctx_118577139/deps/wifi/src:/data/fwbuild-volumes/2.15.0/apps/c_mqtt/esp8266/build_contexts/build_ctx_118577139/deps/wifi/src -v /data/fwbuild-volumes/2.15.0/apps/c_mqtt/esp8266/build_contexts/build_ctx_118577139/deps/atca/include:/data/fwbuild-volumes/2.15.0/apps/c_mqtt/esp8266/build_contexts/build_ctx_118577139/deps/atca/include -v /data/fwbuild-volumes/2.15.0/apps/c_mqtt/esp8266/build_contexts/build_ctx_118577139/deps/rpc-common/include:/data/fwbuild-volumes/2.15.0/apps/c_mqtt/esp8266/build_contexts/build_ctx_118577139/deps/rpc-common/include -v /data/fwbuild-volumes/2.15.0/apps/c_mqtt/esp8266/build_contexts/build_ctx_118577139/deps/ca-bundle/fs:/data/fwbuild-volumes/2.15.0/apps/c_mqtt/esp8266/build_contexts/build_ctx_118577139/deps/ca-bundle/fs -v /data/fwbuild-volumes/2.15.0/apps/c_mqtt/esp8266/build_contexts/build_ctx_118577139/deps/aws/mjs_fs:/data/fwbuild-volumes/2.15.0/apps/c_mqtt/esp8266/build_contexts/build_ctx_118577139/deps/aws/mjs_fs -v /data/fwbuild-volumes/2.15.0/apps/c_mqtt/esp8266/build_contexts/build_ctx_118577139/deps/dht/src:/data/fwbuild-volumes/2.15.0/apps/c_mqtt/esp8266/build_contexts/build_ctx_118577139/deps/dht/src -v /data/fwbuild-volumes/2.15.0/apps/c_mqtt/esp8266/build_contexts/build_ctx_118577139/deps/modules/mjs:/data/fwbuild-volumes/2.15.0/apps/c_mqtt/esp8266/build_contexts/build_ctx_118577139/deps/modules/mjs -v /data/fwbuild-volumes/2.15.0/apps/c_mqtt/esp8266/build_contexts/build_ctx_118577139/deps/http-server/include:/data/fwbuild-volumes/2.15.0/apps/c_mqtt/esp8266/build_contexts/build_ctx_118577139/deps/http-server/include -v /data/fwbuild-volumes/2.15.0/apps/c_mqtt/esp8266/build_contexts/build_ctx_118577139/deps/i2c/src/gpio:/data/fwbuild-volumes/2.15.0/apps/c_mqtt/esp8266/build_contexts/build_ctx_118577139/deps/i2c/src/gpio -v /data/fwbuild-volumes/2.15.0/apps/c_mqtt/esp8266/build_contexts/build_ctx_118577139/deps/atca/src:/data/fwbuild-volumes/2.15.0/apps/c_mqtt/esp8266/build_contexts/build_ctx_118577139/deps/atca/src -v /data/fwbuild-volumes/2.15.0/apps/c_mqtt/esp8266/build_contexts/build_ctx_118577139/deps/rpc-service-gpio/src:/data/fwbuild-volumes/2.15.0/apps/c_mqtt/esp8266/build_contexts/build_ctx_118577139/deps/rpc-service-gpio/src -v /data/fwbuild-volumes/2.15.0/apps/c_mqtt/esp8266/build_contexts/build_ctx_118577139/deps/vfs-common/include/esp8266:/data/fwbuild-volumes/2.15.0/apps/c_mqtt/esp8266/build_contexts/build_ctx_118577139/deps/vfs-common/include/esp8266 -v /data/fwbuild-volumes/2.15.0/apps/c_mqtt/esp8266/build_contexts/build_ctx_118577139/deps/wifi/include:/data/fwbuild-volumes/2.15.0/apps/c_mqtt/esp8266/build_contexts/build_ctx_118577139/deps/wifi/include -v /data/fwbuild-volumes/2.15.0/apps/c_mqtt/esp8266/build_contexts/build_ctx_118577139/deps/vfs-common/src/esp8266:/data/fwbuild-volumes/2.15.0/apps/c_mqtt/esp8266/build_contexts/build_ctx_118577139/deps/vfs-common/src/esp8266 -v /data/fwbuild-volumes/2.15.0/apps/c_mqtt/esp8266/build_contexts/build_ctx_118577139/deps/core/include:/data/fwbuild-volumes/2.15.0/apps/c_mqtt/esp8266/build_contexts/build_ctx_118577139/deps/core/include -v /data/fwbuild-volumes/2.15.0/apps/c_mqtt/esp8266/build_contexts/build_ctx_118577139/deps/mjs/fs:/data/fwbuild-volumes/2.15.0/apps/c_mqtt/esp8266/build_contexts/build_ctx_118577139/deps/mjs/fs -v /data/fwbuild-volumes/2.15.0/apps/c_mqtt/esp8266/build_contexts/build_ctx_118577139/deps/ota-http-client/mjs_fs:/data/fwbuild-volumes/2.15.0/apps/c_mqtt/esp8266/build_contexts/build_ctx_118577139/deps/ota-http-client/mjs_fs -v /data/fwbuild-volumes/2.15.0/apps/c_mqtt/esp8266/build_contexts/build_ctx_118577139/build:/data/fwbuild-volumes/2.15.0/apps/c_mqtt/esp8266/build_contexts/build_ctx_118577139/build -v /data/fwbuild-volumes/2.15.0/apps/c_mqtt/esp8266/build_contexts/build_ctx_118577139/deps/aws/include:/data/fwbuild-volumes/2.15.0/apps/c_mqtt/esp8266/build_contexts/build_ctx_118577139/deps/aws/include -v /data/fwbuild-volumes/2.15.0/apps/c_mqtt/esp8266/build_contexts/build_ctx_118577139/deps/modules/mjs/mjs/lib:/data/fwbuild-volumes/2.15.0/apps/c_mqtt/esp8266/build_contexts/build_ctx_118577139/deps/modules/mjs/mjs/lib --user 0:0 docker.io/mgos/esp8266-build:2.2.1-1.5.0-r5 /bin/bash -c nice make '-j' '8' '-C' '/app' '-f' '/data/fwbuild-volumes/2.15.0/apps/c_mqtt/esp8266/build_contexts/build_ctx_118577139/deps/modules/mongoose-os/platforms/esp8266/Makefile.build' 'all' 'MGOS_VARS_FILE=/data/fwbuild-volumes/2.15.0/apps/c_mqtt/esp8266/build_contexts/build_ctx_118577139/build/gen/vars.mk'
make: Entering directory '/app'
  CC    /data/fwbuild-volumes/2.15.0/apps/c_mqtt/esp8266/build_contexts/build_ctx_118577139/src/a_dht.c
  CC    /data/fwbuild-volumes/2.15.0/apps/c_mqtt/esp8266/build_contexts/build_ctx_118577139/src/a_mqtt.c
  CC    /data/fwbuild-volumes/2.15.0/apps/c_mqtt/esp8266/build_contexts/build_ctx_118577139/deps/vfs-fs-spiffs/src/spiffs/spiffs_cache.c
  CC    /data/fwbuild-volumes/2.15.0/apps/c_mqtt/esp8266/build_contexts/build_ctx_118577139/deps/vfs-fs-spiffs/src/spiffs/spiffs_check.c
  CC    /data/fwbuild-volumes/2.15.0/apps/c_mqtt/esp8266/build_contexts/build_ctx_118577139/deps/vfs-fs-spiffs/src/spiffs/spiffs_gc.c
  CC    /data/fwbuild-volumes/2.15.0/apps/c_mqtt/esp8266/build_contexts/build_ctx_118577139/deps/vfs-fs-spiffs/src/spiffs/spiffs_hydrogen.c
  CC    /data/fwbuild-volumes/2.15.0/apps/c_mqtt/esp8266/build_contexts/build_ctx_118577139/deps/vfs-fs-spiffs/src/spiffs/spiffs_nucleus.c
  CC    /data/fwbuild-volumes/2.15.0/apps/c_mqtt/esp8266/build_contexts/build_ctx_118577139/deps/core/src/mgos_core.c
  CC    /data/fwbuild-volumes/2.15.0/apps/c_mqtt/esp8266/build_contexts/build_ctx_118577139/deps/core/src/esp8266/esp_rboot.c
  CC    /data/fwbuild-volumes/2.15.0/apps/c_mqtt/esp8266/build_contexts/build_ctx_118577139/deps/mqtt/src/mgos_mqtt.c
/data/fwbuild-volumes/2.15.0/apps/c_mqtt/esp8266/build_contexts/build_ctx_118577139/src/a_mqtt.c: In function 'MqttPublishMeasuredDataIfNeeded':
/data/fwbuild-volumes/2.15.0/apps/c_mqtt/esp8266/build_contexts/build_ctx_118577139/src/a_mqtt.c:19:30: error: 'currentHumidityHysteresis' undeclared (first use in this function)
   if( fabs(hum_last - hum) > currentHumidityHysteresis){
                              ^
/data/fwbuild-volumes/2.15.0/apps/c_mqtt/esp8266/build_contexts/build_ctx_118577139/src/a_mqtt.c:19:30: note: each undeclared identifier is reported only once for each function it appears in
/data/fwbuild-volumes/2.15.0/apps/c_mqtt/esp8266/build_contexts/build_ctx_118577139/src/a_mqtt.c: At top level:
/data/fwbuild-volumes/2.15.0/apps/c_mqtt/esp8266/build_contexts/build_ctx_118577139/src/a_mqtt.c:31:1: error: unknown type name 'boo'
 boo MqttPublishMeasuredDataIfNeeded(char * mess){
 ^
/data/fwbuild-volumes/2.15.0/apps/c_mqtt/esp8266/build_contexts/build_ctx_118577139/src/a_mqtt.c:31:5: error: conflicting types for 'MqttPublishMeasuredDataIfNeeded'
 boo MqttPublishMeasuredDataIfNeeded(char * mess){
     ^
/data/fwbuild-volumes/2.15.0/apps/c_mqtt/esp8266/build_contexts/build_ctx_118577139/src/a_mqtt.c:15:6: note: previous definition of 'MqttPublishMeasuredDataIfNeeded' was here
 void MqttPublishMeasuredDataIfNeeded(float temp, float hum){
      ^
/data/fwbuild-volumes/2.15.0/apps/c_mqtt/esp8266/build_contexts/build_ctx_118577139/src/a_mqtt.c: In function 'MqttPublishMeasuredDataIfNeeded':
/data/fwbuild-volumes/2.15.0/apps/c_mqtt/esp8266/build_contexts/build_ctx_118577139/src/a_mqtt.c:33:29: error: 'topic' undeclared (first use in this function)
   bool res = mgos_mqtt_pubf(topic, 0, false /* retain */,  mess);
                             ^
make: *** [/data/fwbuild-volumes/2.15.0/apps/c_mqtt/esp8266/build_contexts/build_ctx_118577139/build/objs/a_mqtt.c.o] Error 1
make: *** Waiting for unfinished jobs....
/data/fwbuild-volumes/2.15.0/apps/c_mqtt/esp8266/build_contexts/build_ctx_118577139/deps/modules/mongoose-os/platforms/esp8266/Makefile.build:398: recipe for target '/data/fwbuild-volumes/2.15.0/apps/c_mqtt/esp8266/build_contexts/build_ctx_118577139/build/objs/a_mqtt.c.o' failed
make: Leaving directory '/app'
Error: exit status 2
/go/src/github.com/mongoose-os/mos/mos/build_local.go:679: 
/go/src/github.com/mongoose-os/mos/mos/build_local.go:666: 
/go/src/github.com/mongoose-os/mos/mos/build_local.go:431: 
/go/src/github.com/mongoose-os/mos/mos/build.go:223: 
/go/src/github.com/mongoose-os/mos/mos/build.go:166: 
/go/src/github.com/mongoose-os/mos/mos/main.go:196: build failed
